This is pdfTeX, Version 3.141592653-2.6-1.40.25 (MiKTeX 23.10.12) (preloaded format=pdflatex 2023.11.30)  1 DEC 2023 22:26
entering extended mode
 restricted \write18 enabled.
 file:line:error style messages enabled.
 %&-line parsing enabled.
**"d:/Aplikasi Komputer/Pertemuan Pekan 5-6/EMT4Plot2D_Muhamad Naufal Zaky.tex"
(d:/Aplikasi Komputer/Pertemuan Pekan 5-6/EMT4Plot2D_Muhamad Naufal Zaky.tex
LaTeX2e <2023-11-01>
L3 programming layer <2023-11-09>
(C:\Program Files\MiKTeX\tex/latex/base\article.cls
Document Class: article 2023/05/17 v1.4n Standard LaTeX document class
(C:\Program Files\MiKTeX\tex/latex/base\size10.clo
File: size10.clo 2023/05/17 v1.4n Standard LaTeX file (size option)
)
\c@part=\count186
\c@section=\count187
\c@subsection=\count188
\c@subsubsection=\count189
\c@paragraph=\count190
\c@subparagraph=\count191
\c@figure=\count192
\c@table=\count193
\abovecaptionskip=\skip48
\belowcaptionskip=\skip49
\bibindent=\dimen140
) (eumat.sty (C:\Program Files\MiKTeX\tex/latex/psnfss\helvet.sty
Package: helvet 2020/03/25 PSNFSS-v9.3 (WaS) 
 (C:\Program Files\MiKTeX\tex/latex/graphics\keyval.sty
Package: keyval 2022/05/29 v1.15 key=value parser (DPC)
\KV@toks@=\toks17
)) (C:\Program Files\MiKTeX\tex/latex/psnfss\courier.sty
Package: courier 2020/03/25 PSNFSS-v9.3 (WaS) 
)
LaTeX Font Info:    Trying to load font information for OT1+ppl on input line 13.
 (C:\Program Files\MiKTeX\tex/latex/psnfss\ot1ppl.fd
File: ot1ppl.fd 2001/06/04 font definitions for OT1/ppl.
) (C:\Program Files\MiKTeX\tex/latex/base\fontenc.sty
Package: fontenc 2021/04/29 v2.0v Standard LaTeX package
LaTeX Font Info:    Trying to load font information for T1+ppl on input line 112.
 (C:\Program Files\MiKTeX\tex/latex/psnfss\t1ppl.fd
File: t1ppl.fd 2001/06/04 font definitions for T1/ppl.
)) (C:\Program Files\MiKTeX\tex/latex/graphics\color.sty
Package: color 2022/01/06 v1.3d Standard LaTeX Color (DPC)
 (C:\Program Files\MiKTeX\tex/latex/graphics-cfg\color.cfg
File: color.cfg 2016/01/02 v1.6 sample color configuration
)
Package color Info: Driver file: pdftex.def on input line 149.
 (C:\Program Files\MiKTeX\tex/latex/graphics-def\pdftex.def
File: pdftex.def 2022/09/22 v1.2b Graphics/color driver for pdftex
) (C:\Program Files\MiKTeX\tex/latex/graphics\mathcolor.ltx)) (C:\Program Files\MiKTeX\tex/latex/graphics\graphicx.sty
Package: graphicx 2021/09/16 v1.2d Enhanced LaTeX Graphics (DPC,SPQR)
 (C:\Program Files\MiKTeX\tex/latex/graphics\graphics.sty
Package: graphics 2022/03/10 v1.4e Standard LaTeX Graphics (DPC,SPQR)
 (C:\Program Files\MiKTeX\tex/latex/graphics\trig.sty
Package: trig 2021/08/11 v1.11 sin cos tan (DPC)
) (C:\Program Files\MiKTeX\tex/latex/graphics-cfg\graphics.cfg
File: graphics.cfg 2016/06/04 v1.11 sample graphics configuration
)
Package graphics Info: Driver file: pdftex.def on input line 107.
)
\Gin@req@height=\dimen141
\Gin@req@width=\dimen142
) (C:\Program Files\MiKTeX\tex/latex/grffile\grffile.sty
Package: grffile 2019/11/11 v2.1 Extended file name support for graphics (legacy)
Package grffile Info: This package is an empty stub for compatibility on input line 40.
) (C:\Program Files\MiKTeX\tex/latex/tools\enumerate.sty
Package: enumerate 2023/07/04 v3.00 enumerate extensions (DPC)
\@enLab=\toks18
) (C:\Program Files\MiKTeX\tex/latex/tools\array.sty
Package: array 2023/10/16 v2.5g Tabular extension package (FMi)
\col@sep=\dimen143
\ar@mcellbox=\box51
\extrarowheight=\dimen144
\NC@list=\toks19
\extratabsurround=\skip50
\backup@length=\skip51
\ar@cellbox=\box52
) (C:\Program Files\MiKTeX\tex/latex/amsmath\amsmath.sty
Package: amsmath 2023/05/13 v2.17o AMS math features
\@mathmargin=\skip52

For additional information on amsmath, use the `?' option.
(C:\Program Files\MiKTeX\tex/latex/amsmath\amstext.sty
Package: amstext 2021/08/26 v2.01 AMS text
 (C:\Program Files\MiKTeX\tex/latex/amsmath\amsgen.sty
File: amsgen.sty 1999/11/30 v2.0 generic functions
\@emptytoks=\toks20
\ex@=\dimen145
)) (C:\Program Files\MiKTeX\tex/latex/amsmath\amsbsy.sty
Package: amsbsy 1999/11/29 v1.2d Bold Symbols
\pmbraise@=\dimen146
) (C:\Program Files\MiKTeX\tex/latex/amsmath\amsopn.sty
Package: amsopn 2022/04/08 v2.04 operator names
)
\inf@bad=\count194
LaTeX Info: Redefining \frac on input line 234.
\uproot@=\count195
\leftroot@=\count196
LaTeX Info: Redefining \overline on input line 399.
LaTeX Info: Redefining \colon on input line 410.
\classnum@=\count197
\DOTSCASE@=\count198
LaTeX Info: Redefining \ldots on input line 496.
LaTeX Info: Redefining \dots on input line 499.
LaTeX Info: Redefining \cdots on input line 620.
\Mathstrutbox@=\box53
\strutbox@=\box54
LaTeX Info: Redefining \big on input line 722.
LaTeX Info: Redefining \Big on input line 723.
LaTeX Info: Redefining \bigg on input line 724.
LaTeX Info: Redefining \Bigg on input line 725.
\big@size=\dimen147
LaTeX Font Info:    Redeclaring font encoding OML on input line 743.
LaTeX Font Info:    Redeclaring font encoding OMS on input line 744.
\macc@depth=\count199
LaTeX Info: Redefining \bmod on input line 905.
LaTeX Info: Redefining \pmod on input line 910.
LaTeX Info: Redefining \smash on input line 940.
LaTeX Info: Redefining \relbar on input line 970.
LaTeX Info: Redefining \Relbar on input line 971.
\c@MaxMatrixCols=\count266
\dotsspace@=\muskip16
\c@parentequation=\count267
\dspbrk@lvl=\count268
\tag@help=\toks21
\row@=\count269
\column@=\count270
\maxfields@=\count271
\andhelp@=\toks22
\eqnshift@=\dimen148
\alignsep@=\dimen149
\tagshift@=\dimen150
\tagwidth@=\dimen151
\totwidth@=\dimen152
\lineht@=\dimen153
\@envbody=\toks23
\multlinegap=\skip53
\multlinetaggap=\skip54
\mathdisplay@stack=\toks24
LaTeX Info: Redefining \[ on input line 2953.
LaTeX Info: Redefining \] on input line 2954.
) (C:\Program Files\MiKTeX\tex/latex/amsfonts\amsfonts.sty
Package: amsfonts 2013/01/14 v3.01 Basic AMSFonts support
\symAMSa=\mathgroup4
\symAMSb=\mathgroup5
LaTeX Font Info:    Redeclaring math symbol \hbar on input line 98.
LaTeX Font Info:    Overwriting math alphabet `\mathfrak' in version `bold'
(Font)                  U/euf/m/n --> U/euf/b/n on input line 106.
) (C:\Program Files\MiKTeX\tex/latex/base\alltt.sty
Package: alltt 2021/01/29 v2.0g defines alltt environment
) (C:\Program Files\MiKTeX\tex/latex/framed\framed.sty
Package: framed 2011/10/22 v 0.96: framed or shaded text with page breaks
\OuterFrameSep=\skip55
\fb@frw=\dimen154
\fb@frh=\dimen155
\FrameRule=\dimen156
\FrameSep=\dimen157
) (C:\Program Files\MiKTeX\tex/latex/geometry\geometry.sty
Package: geometry 2020/01/02 v5.9 Page Geometry
 (C:\Program Files\MiKTeX\tex/generic/iftex\ifvtex.sty
Package: ifvtex 2019/10/25 v1.7 ifvtex legacy package. Use iftex instead.
 (C:\Program Files\MiKTeX\tex/generic/iftex\iftex.sty
Package: iftex 2022/02/03 v1.0f TeX engine tests
))
\Gm@cnth=\count272
\Gm@cntv=\count273
\c@Gm@tempcnt=\count274
\Gm@bindingoffset=\dimen158
\Gm@wd@mp=\dimen159
\Gm@odd@mp=\dimen160
\Gm@even@mp=\dimen161
\Gm@layoutwidth=\dimen162
\Gm@layoutheight=\dimen163
\Gm@layouthoffset=\dimen164
\Gm@layoutvoffset=\dimen165
\Gm@dimlist=\toks25
 (C:\Program Files\MiKTeX\tex/latex/geometry\geometry.cfg))
Package color Info: Redefining color red on input line 30.
Package color Info: Redefining color green on input line 31.
Package color Info: Redefining color black on input line 32.
Package color Info: Redefining color blue on input line 33.
\eulerline=\skip56
) (C:\Program Files\MiKTeX\tex/latex/l3backend\l3backend-pdftex.def
File: l3backend-pdftex.def 2023-11-09 L3 backend support: PDF output (pdfTeX)
\l__color_backend_stack_int=\count275
\l__pdf_internal_box=\box55
) (EMT4Plot2D_Muhamad Naufal Zaky.aux)
\openout1 = `"EMT4Plot2D_Muhamad Naufal Zaky.aux"'.

LaTeX Font Info:    Checking defaults for OML/cmm/m/it on input line 5.
LaTeX Font Info:    ... okay on input line 5.
LaTeX Font Info:    Checking defaults for OMS/cmsy/m/n on input line 5.
LaTeX Font Info:    ... okay on input line 5.
LaTeX Font Info:    Checking defaults for OT1/cmr/m/n on input line 5.
LaTeX Font Info:    ... okay on input line 5.
LaTeX Font Info:    Checking defaults for T1/cmr/m/n on input line 5.
LaTeX Font Info:    ... okay on input line 5.
LaTeX Font Info:    Checking defaults for TS1/cmr/m/n on input line 5.
LaTeX Font Info:    ... okay on input line 5.
LaTeX Font Info:    Checking defaults for OMX/cmex/m/n on input line 5.
LaTeX Font Info:    ... okay on input line 5.
LaTeX Font Info:    Checking defaults for U/cmr/m/n on input line 5.
LaTeX Font Info:    ... okay on input line 5.
 (C:\Program Files\MiKTeX\tex/context/base/mkii\supp-pdf.mkii
[Loading MPS to PDF converter (version 2006.09.02).]
\scratchcounter=\count276
\scratchdimen=\dimen166
\scratchbox=\box56
\nofMPsegments=\count277
\nofMParguments=\count278
\everyMPshowfont=\toks26
\MPscratchCnt=\count279
\MPscratchDim=\dimen167
\MPnumerator=\count280
\makeMPintoPDFobject=\count281
\everyMPtoPDFconversion=\toks27
) (C:\Program Files\MiKTeX\tex/latex/epstopdf-pkg\epstopdf-base.sty
Package: epstopdf-base 2020-01-24 v2.11 Base part for package epstopdf
Package epstopdf-base Info: Redefining graphics rule for `.eps' on input line 485.
 (C:\Program Files\MiKTeX\tex/latex/00miktex\epstopdf-sys.cfg
File: epstopdf-sys.cfg 2021/03/18 v2.0 Configuration of epstopdf for MiKTeX
))
*geometry* driver: auto-detecting
*geometry* detected driver: pdftex
*geometry* verbose mode - [ preamble ] result:
* driver: pdftex
* paper: custom
* layout: <same size as paper>
* layoutoffset:(h,v)=(0.0pt,0.0pt)
* modes: 
* h-part:(L,W,R)=(89.62709pt, 418.25368pt, 89.6271pt)
* v-part:(T,H,B)=(100.72379pt, 587.54683pt, 151.08568pt)
* \paperwidth=597.50787pt
* \paperheight=839.3563pt
* \textwidth=483.69684pt
* \textheight=711.3189pt
* \oddsidemargin=-14.22636pt
* \evensidemargin=-14.22636pt
* \topmargin=0.0pt
* \headheight=12.0pt
* \headsep=0.0pt
* \topskip=10.0pt
* \footskip=30.0pt
* \marginparwidth=65.0pt
* \marginparsep=11.0pt
* \columnsep=10.0pt
* \skip\footins=9.0pt plus 4.0pt minus 2.0pt
* \hoffset=0.0pt
* \voffset=-28.45274pt
* \mag=1000
* \@twocolumnfalse
* \@twosidefalse
* \@mparswitchfalse
* \@reversemarginfalse
* (1in=72.27pt=25.4mm, 1cm=28.453pt)

LaTeX Font Info:    Trying to load font information for T1+pcr on input line 28.
(C:\Program Files\MiKTeX\tex/latex/psnfss\t1pcr.fd
File: t1pcr.fd 2001/06/04 font definitions for T1/pcr.
)
<images/EMT4Plot2D_Muhamad Naufal Zaky-001.png, id=1, 420.06938pt x 420.06938pt>
File: images/EMT4Plot2D_Muhamad Naufal Zaky-001.png Graphic file (type png)
<use images/EMT4Plot2D_Muhamad Naufal Zaky-001.png>
Package pdftex.def Info: images/EMT4Plot2D_Muhamad Naufal Zaky-001.png  used on input line 39.
(pdftex.def)             Requested size: 329.99876pt x 330.0pt.
 [1

{C:/Users/ASUS/AppData/Local/MiKTeX/fonts/map/pdftex/pdftex.map}{C:/Program Files/MiKTeX/fonts/enc/dvips/base/8r.enc} <./images/EMT4Plot2D_Muhamad Naufal Zaky-001.png>]
<images/EMT4Plot2D_Muhamad Naufal Zaky-002.png, id=9, 420.06938pt x 420.06938pt>
File: images/EMT4Plot2D_Muhamad Naufal Zaky-002.png Graphic file (type png)
<use images/EMT4Plot2D_Muhamad Naufal Zaky-002.png>
Package pdftex.def Info: images/EMT4Plot2D_Muhamad Naufal Zaky-002.png  used on input line 71.
(pdftex.def)             Requested size: 329.99876pt x 330.0pt.
 [2 <./images/EMT4Plot2D_Muhamad Naufal Zaky-002.png>]
<images/EMT4Plot2D_Muhamad Naufal Zaky-003.png, id=13, 406.51875pt x 203.25937pt>
File: images/EMT4Plot2D_Muhamad Naufal Zaky-003.png Graphic file (type png)
<use images/EMT4Plot2D_Muhamad Naufal Zaky-003.png>
Package pdftex.def Info: images/EMT4Plot2D_Muhamad Naufal Zaky-003.png  used on input line 97.
(pdftex.def)             Requested size: 308.00839pt x 154.0pt.
 [3 <./images/EMT4Plot2D_Muhamad Naufal Zaky-003.png>]
<images/EMT4Plot2D_Muhamad Naufal Zaky-004.png, id=17, 420.06938pt x 420.06938pt>
File: images/EMT4Plot2D_Muhamad Naufal Zaky-004.png Graphic file (type png)
<use images/EMT4Plot2D_Muhamad Naufal Zaky-004.png>
Package pdftex.def Info: images/EMT4Plot2D_Muhamad Naufal Zaky-004.png  used on input line 144.
(pdftex.def)             Requested size: 329.99876pt x 330.0pt.
<images/EMT4Plot2D_Muhamad Naufal Zaky-005.png, id=18, 406.51875pt x 271.0125pt>
File: images/EMT4Plot2D_Muhamad Naufal Zaky-005.png Graphic file (type png)
<use images/EMT4Plot2D_Muhamad Naufal Zaky-005.png>
Package pdftex.def Info: images/EMT4Plot2D_Muhamad Naufal Zaky-005.png  used on input line 148.
(pdftex.def)             Requested size: 313.51042pt x 209.0pt.
 [4 <./images/EMT4Plot2D_Muhamad Naufal Zaky-004.png>]
Overfull \hbox (92.30316pt too wide) in paragraph at lines 150--150
[]\T1/pcr/m/n/10 >a:=5.6; plot2d("exp(-a*x^2)/a"); insimg(30); // menampilkan gambar hasil plot setinggi 30 baris[] 
 []

<images/EMT4Plot2D_Muhamad Naufal Zaky-006.png, id=22, 406.51875pt x 271.0125pt>
File: images/EMT4Plot2D_Muhamad Naufal Zaky-006.png Graphic file (type png)
<use images/EMT4Plot2D_Muhamad Naufal Zaky-006.png>
Package pdftex.def Info: images/EMT4Plot2D_Muhamad Naufal Zaky-006.png  used on input line 152.
(pdftex.def)             Requested size: 313.51042pt x 209.0pt.
<images/EMT4Plot2D_Muhamad Naufal Zaky-007.png, id=23, 406.51875pt x 271.0125pt>
File: images/EMT4Plot2D_Muhamad Naufal Zaky-007.png Graphic file (type png)
<use images/EMT4Plot2D_Muhamad Naufal Zaky-007.png>
Package pdftex.def Info: images/EMT4Plot2D_Muhamad Naufal Zaky-007.png  used on input line 169.
(pdftex.def)             Requested size: 313.51042pt x 209.0pt.
[5 <./images/EMT4Plot2D_Muhamad Naufal Zaky-005.png> <./images/EMT4Plot2D_Muhamad Naufal Zaky-006.png>]
<images/EMT4Plot2D_Muhamad Naufal Zaky-008.png, id=27, 406.51875pt x 271.0125pt>
File: images/EMT4Plot2D_Muhamad Naufal Zaky-008.png Graphic file (type png)
<use images/EMT4Plot2D_Muhamad Naufal Zaky-008.png>
Package pdftex.def Info: images/EMT4Plot2D_Muhamad Naufal Zaky-008.png  used on input line 173.
(pdftex.def)             Requested size: 313.51042pt x 209.0pt.
<images/EMT4Plot2D_Muhamad Naufal Zaky-009.png, id=28, 406.51875pt x 271.0125pt>
File: images/EMT4Plot2D_Muhamad Naufal Zaky-009.png Graphic file (type png)
<use images/EMT4Plot2D_Muhamad Naufal Zaky-009.png>
Package pdftex.def Info: images/EMT4Plot2D_Muhamad Naufal Zaky-009.png  used on input line 177.
(pdftex.def)             Requested size: 313.51042pt x 209.0pt.
 [6 <./images/EMT4Plot2D_Muhamad Naufal Zaky-007.png> <./images/EMT4Plot2D_Muhamad Naufal Zaky-008.png>]
<images/EMT4Plot2D_Muhamad Naufal Zaky-010.png, id=32, 420.06938pt x 420.06938pt>
File: images/EMT4Plot2D_Muhamad Naufal Zaky-010.png Graphic file (type png)
<use images/EMT4Plot2D_Muhamad Naufal Zaky-010.png>
Package pdftex.def Info: images/EMT4Plot2D_Muhamad Naufal Zaky-010.png  used on input line 202.
(pdftex.def)             Requested size: 329.99876pt x 330.0pt.
 [7 <./images/EMT4Plot2D_Muhamad Naufal Zaky-009.png>]
Overfull \hbox (2.36874pt too wide) in paragraph at lines 204--209
[]\T1/ppl/m/n/10 Dalam plot2d(), ada gaya al-ter-natif yang terse-dia den-gan grid = x. Un-tuk gam-baran umum, kami menampilkan
 []

<images/EMT4Plot2D_Muhamad Naufal Zaky-011.png, id=37, 420.06938pt x 420.06938pt>
File: images/EMT4Plot2D_Muhamad Naufal Zaky-011.png Graphic file (type png)
<use images/EMT4Plot2D_Muhamad Naufal Zaky-011.png>
Package pdftex.def Info: images/EMT4Plot2D_Muhamad Naufal Zaky-011.png  used on input line 214.
(pdftex.def)             Requested size: 329.99876pt x 330.0pt.
[8 <./images/EMT4Plot2D_Muhamad Naufal Zaky-010.png>]
<images/EMT4Plot2D_Muhamad Naufal Zaky-012.png, id=41, 406.51875pt x 271.0125pt>
File: images/EMT4Plot2D_Muhamad Naufal Zaky-012.png Graphic file (type png)
<use images/EMT4Plot2D_Muhamad Naufal Zaky-012.png>
Package pdftex.def Info: images/EMT4Plot2D_Muhamad Naufal Zaky-012.png  used on input line 228.
(pdftex.def)             Requested size: 313.51042pt x 209.0pt.
 [9 <./images/EMT4Plot2D_Muhamad Naufal Zaky-011.png> <./images/EMT4Plot2D_Muhamad Naufal Zaky-012.png>]
<images/EMT4Plot2D_Muhamad Naufal Zaky-013.png, id=45, 406.51875pt x 271.0125pt>
File: images/EMT4Plot2D_Muhamad Naufal Zaky-013.png Graphic file (type png)
<use images/EMT4Plot2D_Muhamad Naufal Zaky-013.png>
Package pdftex.def Info: images/EMT4Plot2D_Muhamad Naufal Zaky-013.png  used on input line 232.
(pdftex.def)             Requested size: 313.51042pt x 209.0pt.
<images/EMT4Plot2D_Muhamad Naufal Zaky-014.png, id=46, 406.51875pt x 271.0125pt>
File: images/EMT4Plot2D_Muhamad Naufal Zaky-014.png Graphic file (type png)
<use images/EMT4Plot2D_Muhamad Naufal Zaky-014.png>
Package pdftex.def Info: images/EMT4Plot2D_Muhamad Naufal Zaky-014.png  used on input line 251.
(pdftex.def)             Requested size: 313.51042pt x 209.0pt.
 [10 <./images/EMT4Plot2D_Muhamad Naufal Zaky-013.png> <./images/EMT4Plot2D_Muhamad Naufal Zaky-014.png>]
<images/EMT4Plot2D_Muhamad Naufal Zaky-015.png, id=50, 406.51875pt x 271.0125pt>
File: images/EMT4Plot2D_Muhamad Naufal Zaky-015.png Graphic file (type png)
<use images/EMT4Plot2D_Muhamad Naufal Zaky-015.png>
Package pdftex.def Info: images/EMT4Plot2D_Muhamad Naufal Zaky-015.png  used on input line 255.
(pdftex.def)             Requested size: 313.51042pt x 209.0pt.
<images/EMT4Plot2D_Muhamad Naufal Zaky-016.png, id=51, 406.51875pt x 271.0125pt>
File: images/EMT4Plot2D_Muhamad Naufal Zaky-016.png Graphic file (type png)
<use images/EMT4Plot2D_Muhamad Naufal Zaky-016.png>
Package pdftex.def Info: images/EMT4Plot2D_Muhamad Naufal Zaky-016.png  used on input line 265.
(pdftex.def)             Requested size: 313.51042pt x 209.0pt.
<images/EMT4Plot2D_Muhamad Naufal Zaky-017.png, id=52, 406.51875pt x 271.0125pt>
File: images/EMT4Plot2D_Muhamad Naufal Zaky-017.png Graphic file (type png)
<use images/EMT4Plot2D_Muhamad Naufal Zaky-017.png>
Package pdftex.def Info: images/EMT4Plot2D_Muhamad Naufal Zaky-017.png  used on input line 274.
(pdftex.def)             Requested size: 313.51042pt x 209.0pt.
 [11 <./images/EMT4Plot2D_Muhamad Naufal Zaky-015.png> <./images/EMT4Plot2D_Muhamad Naufal Zaky-016.png>]
<images/EMT4Plot2D_Muhamad Naufal Zaky-018.png, id=56, 406.51875pt x 271.0125pt>
File: images/EMT4Plot2D_Muhamad Naufal Zaky-018.png Graphic file (type png)
<use images/EMT4Plot2D_Muhamad Naufal Zaky-018.png>
Package pdftex.def Info: images/EMT4Plot2D_Muhamad Naufal Zaky-018.png  used on input line 278.
(pdftex.def)             Requested size: 313.51042pt x 209.0pt.
<images/EMT4Plot2D_Muhamad Naufal Zaky-019.png, id=57, 406.51875pt x 271.0125pt>
File: images/EMT4Plot2D_Muhamad Naufal Zaky-019.png Graphic file (type png)
<use images/EMT4Plot2D_Muhamad Naufal Zaky-019.png>
Package pdftex.def Info: images/EMT4Plot2D_Muhamad Naufal Zaky-019.png  used on input line 287.
(pdftex.def)             Requested size: 313.51042pt x 209.0pt.
 [12 <./images/EMT4Plot2D_Muhamad Naufal Zaky-017.png> <./images/EMT4Plot2D_Muhamad Naufal Zaky-018.png>]
<images/EMT4Plot2D_Muhamad Naufal Zaky-020.png, id=61, 406.51875pt x 271.0125pt>
File: images/EMT4Plot2D_Muhamad Naufal Zaky-020.png Graphic file (type png)
<use images/EMT4Plot2D_Muhamad Naufal Zaky-020.png>
Package pdftex.def Info: images/EMT4Plot2D_Muhamad Naufal Zaky-020.png  used on input line 295.
(pdftex.def)             Requested size: 313.51042pt x 209.0pt.
<images/EMT4Plot2D_Muhamad Naufal Zaky-021.png, id=62, 406.51875pt x 271.0125pt>
File: images/EMT4Plot2D_Muhamad Naufal Zaky-021.png Graphic file (type png)
<use images/EMT4Plot2D_Muhamad Naufal Zaky-021.png>
Package pdftex.def Info: images/EMT4Plot2D_Muhamad Naufal Zaky-021.png  used on input line 300.
(pdftex.def)             Requested size: 313.51042pt x 209.0pt.
 [13 <./images/EMT4Plot2D_Muhamad Naufal Zaky-019.png> <./images/EMT4Plot2D_Muhamad Naufal Zaky-020.png>]
<images/EMT4Plot2D_Muhamad Naufal Zaky-022.png, id=67, 406.51875pt x 271.0125pt>
File: images/EMT4Plot2D_Muhamad Naufal Zaky-022.png Graphic file (type png)
<use images/EMT4Plot2D_Muhamad Naufal Zaky-022.png>
Package pdftex.def Info: images/EMT4Plot2D_Muhamad Naufal Zaky-022.png  used on input line 304.
(pdftex.def)             Requested size: 313.51042pt x 209.0pt.
<images/EMT4Plot2D_Muhamad Naufal Zaky-023.png, id=68, 406.51875pt x 271.0125pt>
File: images/EMT4Plot2D_Muhamad Naufal Zaky-023.png Graphic file (type png)
<use images/EMT4Plot2D_Muhamad Naufal Zaky-023.png>
Package pdftex.def Info: images/EMT4Plot2D_Muhamad Naufal Zaky-023.png  used on input line 308.
(pdftex.def)             Requested size: 313.51042pt x 209.0pt.
 [14 <./images/EMT4Plot2D_Muhamad Naufal Zaky-021.png> <./images/EMT4Plot2D_Muhamad Naufal Zaky-022.png>]
<images/EMT4Plot2D_Muhamad Naufal Zaky-024.png, id=72, 406.51875pt x 271.0125pt>
File: images/EMT4Plot2D_Muhamad Naufal Zaky-024.png Graphic file (type png)
<use images/EMT4Plot2D_Muhamad Naufal Zaky-024.png>
Package pdftex.def Info: images/EMT4Plot2D_Muhamad Naufal Zaky-024.png  used on input line 312.
(pdftex.def)             Requested size: 313.51042pt x 209.0pt.
<images/EMT4Plot2D_Muhamad Naufal Zaky-025.png, id=73, 406.51875pt x 271.0125pt>
File: images/EMT4Plot2D_Muhamad Naufal Zaky-025.png Graphic file (type png)
<use images/EMT4Plot2D_Muhamad Naufal Zaky-025.png>
Package pdftex.def Info: images/EMT4Plot2D_Muhamad Naufal Zaky-025.png  used on input line 316.
(pdftex.def)             Requested size: 313.51042pt x 209.0pt.
 [15 <./images/EMT4Plot2D_Muhamad Naufal Zaky-023.png> <./images/EMT4Plot2D_Muhamad Naufal Zaky-024.png>]
<images/EMT4Plot2D_Muhamad Naufal Zaky-026.png, id=77, 406.51875pt x 271.0125pt>
File: images/EMT4Plot2D_Muhamad Naufal Zaky-026.png Graphic file (type png)
<use images/EMT4Plot2D_Muhamad Naufal Zaky-026.png>
Package pdftex.def Info: images/EMT4Plot2D_Muhamad Naufal Zaky-026.png  used on input line 320.
(pdftex.def)             Requested size: 313.51042pt x 209.0pt.
<images/EMT4Plot2D_Muhamad Naufal Zaky-027.png, id=78, 406.51875pt x 271.0125pt>
File: images/EMT4Plot2D_Muhamad Naufal Zaky-027.png Graphic file (type png)
<use images/EMT4Plot2D_Muhamad Naufal Zaky-027.png>
Package pdftex.def Info: images/EMT4Plot2D_Muhamad Naufal Zaky-027.png  used on input line 324.
(pdftex.def)             Requested size: 313.51042pt x 209.0pt.
 [16 <./images/EMT4Plot2D_Muhamad Naufal Zaky-025.png> <./images/EMT4Plot2D_Muhamad Naufal Zaky-026.png>]
<images/EMT4Plot2D_Muhamad Naufal Zaky-028.png, id=82, 406.51875pt x 271.0125pt>
File: images/EMT4Plot2D_Muhamad Naufal Zaky-028.png Graphic file (type png)
<use images/EMT4Plot2D_Muhamad Naufal Zaky-028.png>
Package pdftex.def Info: images/EMT4Plot2D_Muhamad Naufal Zaky-028.png  used on input line 340.
(pdftex.def)             Requested size: 313.51042pt x 209.0pt.
<images/EMT4Plot2D_Muhamad Naufal Zaky-029.png, id=83, 406.51875pt x 271.0125pt>
File: images/EMT4Plot2D_Muhamad Naufal Zaky-029.png Graphic file (type png)
<use images/EMT4Plot2D_Muhamad Naufal Zaky-029.png>
Package pdftex.def Info: images/EMT4Plot2D_Muhamad Naufal Zaky-029.png  used on input line 344.
(pdftex.def)             Requested size: 313.51042pt x 209.0pt.
 [17 <./images/EMT4Plot2D_Muhamad Naufal Zaky-027.png> <./images/EMT4Plot2D_Muhamad Naufal Zaky-028.png>]
<images/EMT4Plot2D_Muhamad Naufal Zaky-030.png, id=87, 406.51875pt x 271.0125pt>
File: images/EMT4Plot2D_Muhamad Naufal Zaky-030.png Graphic file (type png)
<use images/EMT4Plot2D_Muhamad Naufal Zaky-030.png>
Package pdftex.def Info: images/EMT4Plot2D_Muhamad Naufal Zaky-030.png  used on input line 348.
(pdftex.def)             Requested size: 313.51042pt x 209.0pt.
<images/EMT4Plot2D_Muhamad Naufal Zaky-031.png, id=88, 406.51875pt x 271.0125pt>
File: images/EMT4Plot2D_Muhamad Naufal Zaky-031.png Graphic file (type png)
<use images/EMT4Plot2D_Muhamad Naufal Zaky-031.png>
Package pdftex.def Info: images/EMT4Plot2D_Muhamad Naufal Zaky-031.png  used on input line 352.
(pdftex.def)             Requested size: 313.51042pt x 209.0pt.
 [18 <./images/EMT4Plot2D_Muhamad Naufal Zaky-029.png> <./images/EMT4Plot2D_Muhamad Naufal Zaky-030.png>]
<images/EMT4Plot2D_Muhamad Naufal Zaky-032.png, id=92, 406.51875pt x 271.0125pt>
File: images/EMT4Plot2D_Muhamad Naufal Zaky-032.png Graphic file (type png)
<use images/EMT4Plot2D_Muhamad Naufal Zaky-032.png>
Package pdftex.def Info: images/EMT4Plot2D_Muhamad Naufal Zaky-032.png  used on input line 357.
(pdftex.def)             Requested size: 313.51042pt x 209.0pt.

d:/Aplikasi Komputer/Pertemuan Pekan 5-6/EMT4Plot2D_Muhamad Naufal Zaky.tex:371: Undefined control sequence.
\euleroutput ...psep =0pt\begin {alltt}\ttfamiliy 
                                                  \ignorespaces 
l.371 \begin{euleroutput}
                         
The control sequence at the end of the top line
of your error message was never \def'ed. If you have
misspelled it (e.g., `\hobx'), type `I' and the correct
spelling (e.g., `I\hbox'). Otherwise just continue,
and I'll forget about whatever was undefined.

[19 <./images/EMT4Plot2D_Muhamad Naufal Zaky-031.png> <./images/EMT4Plot2D_Muhamad Naufal Zaky-032.png>]
<images/EMT4Plot2D_Muhamad Naufal Zaky-033.png, id=97, 406.51875pt x 271.0125pt>
File: images/EMT4Plot2D_Muhamad Naufal Zaky-033.png Graphic file (type png)
<use images/EMT4Plot2D_Muhamad Naufal Zaky-033.png>
Package pdftex.def Info: images/EMT4Plot2D_Muhamad Naufal Zaky-033.png  used on input line 380.
(pdftex.def)             Requested size: 313.51042pt x 209.0pt.

d:/Aplikasi Komputer/Pertemuan Pekan 5-6/EMT4Plot2D_Muhamad Naufal Zaky.tex:388: Undefined control sequence.
\euleroutput ...psep =0pt\begin {alltt}\ttfamiliy 
                                                  \ignorespaces 
l.388 \begin{euleroutput}
                         
The control sequence at the end of the top line
of your error message was never \def'ed. If you have
misspelled it (e.g., `\hobx'), type `I' and the correct
spelling (e.g., `I\hbox'). Otherwise just continue,
and I'll forget about whatever was undefined.

<images/EMT4Plot2D_Muhamad Naufal Zaky-034.png, id=98, 406.51875pt x 271.0125pt>
File: images/EMT4Plot2D_Muhamad Naufal Zaky-034.png Graphic file (type png)
<use images/EMT4Plot2D_Muhamad Naufal Zaky-034.png>
Package pdftex.def Info: images/EMT4Plot2D_Muhamad Naufal Zaky-034.png  used on input line 397.
(pdftex.def)             Requested size: 313.51042pt x 209.0pt.
[20 <./images/EMT4Plot2D_Muhamad Naufal Zaky-033.png> <./images/EMT4Plot2D_Muhamad Naufal Zaky-034.png>]
<images/EMT4Plot2D_Muhamad Naufal Zaky-035.png, id=102, 406.51875pt x 271.0125pt>
File: images/EMT4Plot2D_Muhamad Naufal Zaky-035.png Graphic file (type png)
<use images/EMT4Plot2D_Muhamad Naufal Zaky-035.png>
Package pdftex.def Info: images/EMT4Plot2D_Muhamad Naufal Zaky-035.png  used on input line 403.
(pdftex.def)             Requested size: 313.51042pt x 209.0pt.
<images/EMT4Plot2D_Muhamad Naufal Zaky-036.png, id=103, 406.51875pt x 271.0125pt>
File: images/EMT4Plot2D_Muhamad Naufal Zaky-036.png Graphic file (type png)
<use images/EMT4Plot2D_Muhamad Naufal Zaky-036.png>
Package pdftex.def Info: images/EMT4Plot2D_Muhamad Naufal Zaky-036.png  used on input line 423.
(pdftex.def)             Requested size: 313.51042pt x 209.0pt.
 [21 <./images/EMT4Plot2D_Muhamad Naufal Zaky-035.png> <./images/EMT4Plot2D_Muhamad Naufal Zaky-036.png>]
<images/EMT4Plot2D_Muhamad Naufal Zaky-037.png, id=107, 406.51875pt x 203.25937pt>
File: images/EMT4Plot2D_Muhamad Naufal Zaky-037.png Graphic file (type png)
<use images/EMT4Plot2D_Muhamad Naufal Zaky-037.png>
Package pdftex.def Info: images/EMT4Plot2D_Muhamad Naufal Zaky-037.png  used on input line 430.
(pdftex.def)             Requested size: 308.00839pt x 154.0pt.
<images/EMT4Plot2D_Muhamad Naufal Zaky-038.png, id=108, 406.51875pt x 203.25937pt>
File: images/EMT4Plot2D_Muhamad Naufal Zaky-038.png Graphic file (type png)
<use images/EMT4Plot2D_Muhamad Naufal Zaky-038.png>
Package pdftex.def Info: images/EMT4Plot2D_Muhamad Naufal Zaky-038.png  used on input line 437.
(pdftex.def)             Requested size: 308.00839pt x 154.0pt.
<images/EMT4Plot2D_Muhamad Naufal Zaky-039.png, id=109, 420.06938pt x 420.06938pt>
File: images/EMT4Plot2D_Muhamad Naufal Zaky-039.png Graphic file (type png)
<use images/EMT4Plot2D_Muhamad Naufal Zaky-039.png>
Package pdftex.def Info: images/EMT4Plot2D_Muhamad Naufal Zaky-039.png  used on input line 449.
(pdftex.def)             Requested size: 329.99876pt x 330.0pt.
 [22 <./images/EMT4Plot2D_Muhamad Naufal Zaky-037.png> <./images/EMT4Plot2D_Muhamad Naufal Zaky-038.png>]
Overfull \hbox (8.30316pt too wide) in paragraph at lines 451--451
[]\T1/pcr/m/n/10 >aspect(1.5); plot2d("sin(x)",0,2pi); plot2d("cos(x)",color=blue,style="--",>add):[] 
 []

<images/EMT4Plot2D_Muhamad Naufal Zaky-040.png, id=113, 406.51875pt x 271.0125pt>
File: images/EMT4Plot2D_Muhamad Naufal Zaky-040.png Graphic file (type png)
<use images/EMT4Plot2D_Muhamad Naufal Zaky-040.png>
Package pdftex.def Info: images/EMT4Plot2D_Muhamad Naufal Zaky-040.png  used on input line 453.
(pdftex.def)             Requested size: 313.51042pt x 209.0pt.
<images/EMT4Plot2D_Muhamad Naufal Zaky-041.png, id=114, 406.51875pt x 271.0125pt>
File: images/EMT4Plot2D_Muhamad Naufal Zaky-041.png Graphic file (type png)
<use images/EMT4Plot2D_Muhamad Naufal Zaky-041.png>
Package pdftex.def Info: images/EMT4Plot2D_Muhamad Naufal Zaky-041.png  used on input line 460.
(pdftex.def)             Requested size: 313.51042pt x 209.0pt.
[23 <./images/EMT4Plot2D_Muhamad Naufal Zaky-039.png> <./images/EMT4Plot2D_Muhamad Naufal Zaky-040.png>]
<images/EMT4Plot2D_Muhamad Naufal Zaky-042.png, id=118, 406.51875pt x 271.0125pt>
File: images/EMT4Plot2D_Muhamad Naufal Zaky-042.png Graphic file (type png)
<use images/EMT4Plot2D_Muhamad Naufal Zaky-042.png>
Package pdftex.def Info: images/EMT4Plot2D_Muhamad Naufal Zaky-042.png  used on input line 474.
(pdftex.def)             Requested size: 313.51042pt x 209.0pt.
 [24 <./images/EMT4Plot2D_Muhamad Naufal Zaky-041.png> <./images/EMT4Plot2D_Muhamad Naufal Zaky-042.png>]
LaTeX Font Info:    Trying to load font information for U+msa on input line 489.
 (C:\Program Files\MiKTeX\tex/latex/amsfonts\umsa.fd
File: umsa.fd 2013/01/14 v3.01 AMS symbols A
)
LaTeX Font Info:    Trying to load font information for U+msb on input line 489.
 (C:\Program Files\MiKTeX\tex/latex/amsfonts\umsb.fd
File: umsb.fd 2013/01/14 v3.01 AMS symbols B
)
<images/EMT4Plot2D_Muhamad Naufal Zaky-044.png, id=122, 406.51875pt x 271.0125pt>
File: images/EMT4Plot2D_Muhamad Naufal Zaky-044.png Graphic file (type png)
<use images/EMT4Plot2D_Muhamad Naufal Zaky-044.png>
Package pdftex.def Info: images/EMT4Plot2D_Muhamad Naufal Zaky-044.png  used on input line 500.
(pdftex.def)             Requested size: 313.51042pt x 209.0pt.
<images/EMT4Plot2D_Muhamad Naufal Zaky-046.png, id=123, 406.51875pt x 271.0125pt>
File: images/EMT4Plot2D_Muhamad Naufal Zaky-046.png Graphic file (type png)
<use images/EMT4Plot2D_Muhamad Naufal Zaky-046.png>
Package pdftex.def Info: images/EMT4Plot2D_Muhamad Naufal Zaky-046.png  used on input line 515.
(pdftex.def)             Requested size: 313.51042pt x 209.0pt.
 [25 <./images/EMT4Plot2D_Muhamad Naufal Zaky-044.png>]
<images/EMT4Plot2D_Muhamad Naufal Zaky-047.png, id=135, 406.51875pt x 271.0125pt>
File: images/EMT4Plot2D_Muhamad Naufal Zaky-047.png Graphic file (type png)
<use images/EMT4Plot2D_Muhamad Naufal Zaky-047.png>
Package pdftex.def Info: images/EMT4Plot2D_Muhamad Naufal Zaky-047.png  used on input line 530.
(pdftex.def)             Requested size: 313.51042pt x 209.0pt.
<images/EMT4Plot2D_Muhamad Naufal Zaky-048.png, id=136, 406.51875pt x 271.0125pt>
File: images/EMT4Plot2D_Muhamad Naufal Zaky-048.png Graphic file (type png)
<use images/EMT4Plot2D_Muhamad Naufal Zaky-048.png>
Package pdftex.def Info: images/EMT4Plot2D_Muhamad Naufal Zaky-048.png  used on input line 538.
(pdftex.def)             Requested size: 313.51042pt x 209.0pt.
 [26 <./images/EMT4Plot2D_Muhamad Naufal Zaky-046.png> <./images/EMT4Plot2D_Muhamad Naufal Zaky-047.png>]
Overfull \hbox (3.08862pt too wide) in paragraph at lines 540--544
[]\T1/ppl/m/n/10 Metode lain adalah meng-gu-nakan vek-tor ek-spresi (string). Anda da-pat meng-gu-nakan susunan warna, susunan
 []

<images/EMT4Plot2D_Muhamad Naufal Zaky-049.png, id=140, 406.51875pt x 271.0125pt>
File: images/EMT4Plot2D_Muhamad Naufal Zaky-049.png Graphic file (type png)
<use images/EMT4Plot2D_Muhamad Naufal Zaky-049.png>
Package pdftex.def Info: images/EMT4Plot2D_Muhamad Naufal Zaky-049.png  used on input line 547.
(pdftex.def)             Requested size: 313.51042pt x 209.0pt.
<images/EMT4Plot2D_Muhamad Naufal Zaky-050.png, id=141, 406.51875pt x 271.0125pt>
File: images/EMT4Plot2D_Muhamad Naufal Zaky-050.png Graphic file (type png)
<use images/EMT4Plot2D_Muhamad Naufal Zaky-050.png>
Package pdftex.def Info: images/EMT4Plot2D_Muhamad Naufal Zaky-050.png  used on input line 551.
(pdftex.def)             Requested size: 313.51042pt x 209.0pt.
[27 <./images/EMT4Plot2D_Muhamad Naufal Zaky-048.png> <./images/EMT4Plot2D_Muhamad Naufal Zaky-049.png>]
d:/Aplikasi Komputer/Pertemuan Pekan 5-6/EMT4Plot2D_Muhamad Naufal Zaky.tex:559: Undefined control sequence.
\euleroutput ...psep =0pt\begin {alltt}\ttfamiliy 
                                                  \ignorespaces 
l.559 \begin{euleroutput}
                         
The control sequence at the end of the top line
of your error message was never \def'ed. If you have
misspelled it (e.g., `\hobx'), type `I' and the correct
spelling (e.g., `I\hbox'). Otherwise just continue,
and I'll forget about whatever was undefined.

d:/Aplikasi Komputer/Pertemuan Pekan 5-6/EMT4Plot2D_Muhamad Naufal Zaky.tex:572: Undefined control sequence.
\euleroutput ...psep =0pt\begin {alltt}\ttfamiliy 
                                                  \ignorespaces 
l.572 \begin{euleroutput}
                         
The control sequence at the end of the top line
of your error message was never \def'ed. If you have
misspelled it (e.g., `\hobx'), type `I' and the correct
spelling (e.g., `I\hbox'). Otherwise just continue,
and I'll forget about whatever was undefined.

<images/EMT4Plot2D_Muhamad Naufal Zaky-051.png, id=145, 406.51875pt x 271.0125pt>
File: images/EMT4Plot2D_Muhamad Naufal Zaky-051.png Graphic file (type png)
<use images/EMT4Plot2D_Muhamad Naufal Zaky-051.png>
Package pdftex.def Info: images/EMT4Plot2D_Muhamad Naufal Zaky-051.png  used on input line 588.
(pdftex.def)             Requested size: 313.51042pt x 209.0pt.
[28 <./images/EMT4Plot2D_Muhamad Naufal Zaky-050.png>]
<images/EMT4Plot2D_Muhamad Naufal Zaky-052.png, id=149, 406.51875pt x 271.0125pt>
File: images/EMT4Plot2D_Muhamad Naufal Zaky-052.png Graphic file (type png)
<use images/EMT4Plot2D_Muhamad Naufal Zaky-052.png>
Package pdftex.def Info: images/EMT4Plot2D_Muhamad Naufal Zaky-052.png  used on input line 602.
(pdftex.def)             Requested size: 313.51042pt x 209.0pt.
<images/EMT4Plot2D_Muhamad Naufal Zaky-053.png, id=150, 406.51875pt x 271.0125pt>
File: images/EMT4Plot2D_Muhamad Naufal Zaky-053.png Graphic file (type png)
<use images/EMT4Plot2D_Muhamad Naufal Zaky-053.png>
Package pdftex.def Info: images/EMT4Plot2D_Muhamad Naufal Zaky-053.png  used on input line 618.
(pdftex.def)             Requested size: 313.51042pt x 209.0pt.
 [29 <./images/EMT4Plot2D_Muhamad Naufal Zaky-051.png> <./images/EMT4Plot2D_Muhamad Naufal Zaky-052.png>]
<images/EMT4Plot2D_Muhamad Naufal Zaky-054.png, id=154, 406.51875pt x 271.0125pt>
File: images/EMT4Plot2D_Muhamad Naufal Zaky-054.png Graphic file (type png)
<use images/EMT4Plot2D_Muhamad Naufal Zaky-054.png>
Package pdftex.def Info: images/EMT4Plot2D_Muhamad Naufal Zaky-054.png  used on input line 632.
(pdftex.def)             Requested size: 313.51042pt x 209.0pt.
<images/EMT4Plot2D_Muhamad Naufal Zaky-055.png, id=155, 406.51875pt x 271.0125pt>
File: images/EMT4Plot2D_Muhamad Naufal Zaky-055.png Graphic file (type png)
<use images/EMT4Plot2D_Muhamad Naufal Zaky-055.png>
Package pdftex.def Info: images/EMT4Plot2D_Muhamad Naufal Zaky-055.png  used on input line 642.
(pdftex.def)             Requested size: 313.51042pt x 209.0pt.
 [30 <./images/EMT4Plot2D_Muhamad Naufal Zaky-053.png> <./images/EMT4Plot2D_Muhamad Naufal Zaky-054.png>]
<images/EMT4Plot2D_Muhamad Naufal Zaky-056.png, id=159, 406.51875pt x 271.0125pt>
File: images/EMT4Plot2D_Muhamad Naufal Zaky-056.png Graphic file (type png)
<use images/EMT4Plot2D_Muhamad Naufal Zaky-056.png>
Package pdftex.def Info: images/EMT4Plot2D_Muhamad Naufal Zaky-056.png  used on input line 657.
(pdftex.def)             Requested size: 313.51042pt x 209.0pt.
<images/EMT4Plot2D_Muhamad Naufal Zaky-057.png, id=160, 406.51875pt x 271.0125pt>
File: images/EMT4Plot2D_Muhamad Naufal Zaky-057.png Graphic file (type png)
<use images/EMT4Plot2D_Muhamad Naufal Zaky-057.png>
Package pdftex.def Info: images/EMT4Plot2D_Muhamad Naufal Zaky-057.png  used on input line 663.
(pdftex.def)             Requested size: 313.51042pt x 209.0pt.
 [31 <./images/EMT4Plot2D_Muhamad Naufal Zaky-055.png> <./images/EMT4Plot2D_Muhamad Naufal Zaky-056.png>]
<images/EMT4Plot2D_Muhamad Naufal Zaky-058.png, id=165, 406.51875pt x 271.0125pt>
File: images/EMT4Plot2D_Muhamad Naufal Zaky-058.png Graphic file (type png)
<use images/EMT4Plot2D_Muhamad Naufal Zaky-058.png>
Package pdftex.def Info: images/EMT4Plot2D_Muhamad Naufal Zaky-058.png  used on input line 675.
(pdftex.def)             Requested size: 313.51042pt x 209.0pt.
 [32 <./images/EMT4Plot2D_Muhamad Naufal Zaky-057.png> <./images/EMT4Plot2D_Muhamad Naufal Zaky-058.png>]
<images/EMT4Plot2D_Muhamad Naufal Zaky-059.png, id=169, 406.51875pt x 271.0125pt>
File: images/EMT4Plot2D_Muhamad Naufal Zaky-059.png Graphic file (type png)
<use images/EMT4Plot2D_Muhamad Naufal Zaky-059.png>
Package pdftex.def Info: images/EMT4Plot2D_Muhamad Naufal Zaky-059.png  used on input line 694.
(pdftex.def)             Requested size: 313.51042pt x 209.0pt.
<images/EMT4Plot2D_Muhamad Naufal Zaky-060.png, id=170, 406.51875pt x 271.0125pt>
File: images/EMT4Plot2D_Muhamad Naufal Zaky-060.png Graphic file (type png)
<use images/EMT4Plot2D_Muhamad Naufal Zaky-060.png>
Package pdftex.def Info: images/EMT4Plot2D_Muhamad Naufal Zaky-060.png  used on input line 703.
(pdftex.def)             Requested size: 313.51042pt x 209.0pt.

Overfull \hbox (47.3032pt too wide) in paragraph at lines 713--713
[]\T1/pcr/m/n/10 >textbox(latex("$\OMS/cmsy/m/n/10 n$\T1/pcr/m/n/10 text{Example of a damped oscillation}$\OMS/cmsy/m/n/10 n$ \T1/pcr/m/n/10 f(x)=e^{-x}sin(2$\OMS/cmsy/m/n/10 n$\T1/pcr/m/n/10 pi x)"),w=0.85):[] 
 []

<images/EMT4Plot2D_Muhamad Naufal Zaky-061.png, id=171, 406.51875pt x 271.0125pt>
File: images/EMT4Plot2D_Muhamad Naufal Zaky-061.png Graphic file (type png)
<use images/EMT4Plot2D_Muhamad Naufal Zaky-061.png>
Package pdftex.def Info: images/EMT4Plot2D_Muhamad Naufal Zaky-061.png  used on input line 715.
(pdftex.def)             Requested size: 313.51042pt x 209.0pt.
[33 <./images/EMT4Plot2D_Muhamad Naufal Zaky-059.png> <./images/EMT4Plot2D_Muhamad Naufal Zaky-060.png>]
<images/EMT4Plot2D_Muhamad Naufal Zaky-062.png, id=175, 406.51875pt x 271.0125pt>
File: images/EMT4Plot2D_Muhamad Naufal Zaky-062.png Graphic file (type png)
<use images/EMT4Plot2D_Muhamad Naufal Zaky-062.png>
Package pdftex.def Info: images/EMT4Plot2D_Muhamad Naufal Zaky-062.png  used on input line 724.
(pdftex.def)             Requested size: 313.51042pt x 209.0pt.
<images/EMT4Plot2D_Muhamad Naufal Zaky-063.png, id=176, 406.51875pt x 271.0125pt>
File: images/EMT4Plot2D_Muhamad Naufal Zaky-063.png Graphic file (type png)
<use images/EMT4Plot2D_Muhamad Naufal Zaky-063.png>
Package pdftex.def Info: images/EMT4Plot2D_Muhamad Naufal Zaky-063.png  used on input line 731.
(pdftex.def)             Requested size: 313.51042pt x 209.0pt.
 [34 <./images/EMT4Plot2D_Muhamad Naufal Zaky-061.png> <./images/EMT4Plot2D_Muhamad Naufal Zaky-062.png>]
<images/EMT4Plot2D_Muhamad Naufal Zaky-064.png, id=180, 406.51875pt x 271.0125pt>
File: images/EMT4Plot2D_Muhamad Naufal Zaky-064.png Graphic file (type png)
<use images/EMT4Plot2D_Muhamad Naufal Zaky-064.png>
Package pdftex.def Info: images/EMT4Plot2D_Muhamad Naufal Zaky-064.png  used on input line 754.
(pdftex.def)             Requested size: 313.51042pt x 209.0pt.
 [35 <./images/EMT4Plot2D_Muhamad Naufal Zaky-063.png> <./images/EMT4Plot2D_Muhamad Naufal Zaky-064.png>]
<images/EMT4Plot2D_Muhamad Naufal Zaky-065.png, id=184, 406.51875pt x 271.0125pt>
File: images/EMT4Plot2D_Muhamad Naufal Zaky-065.png Graphic file (type png)
<use images/EMT4Plot2D_Muhamad Naufal Zaky-065.png>
Package pdftex.def Info: images/EMT4Plot2D_Muhamad Naufal Zaky-065.png  used on input line 771.
(pdftex.def)             Requested size: 313.51042pt x 209.0pt.
<images/EMT4Plot2D_Muhamad Naufal Zaky-066.png, id=185, 406.51875pt x 271.0125pt>
File: images/EMT4Plot2D_Muhamad Naufal Zaky-066.png Graphic file (type png)
<use images/EMT4Plot2D_Muhamad Naufal Zaky-066.png>
Package pdftex.def Info: images/EMT4Plot2D_Muhamad Naufal Zaky-066.png  used on input line 804.
(pdftex.def)             Requested size: 313.51042pt x 209.0pt.
 [36 <./images/EMT4Plot2D_Muhamad Naufal Zaky-065.png>]
<images/EMT4Plot2D_Muhamad Naufal Zaky-067.png, id=189, 406.51875pt x 271.0125pt>
File: images/EMT4Plot2D_Muhamad Naufal Zaky-067.png Graphic file (type png)
<use images/EMT4Plot2D_Muhamad Naufal Zaky-067.png>
Package pdftex.def Info: images/EMT4Plot2D_Muhamad Naufal Zaky-067.png  used on input line 826.
(pdftex.def)             Requested size: 313.51042pt x 209.0pt.
 [37 <./images/EMT4Plot2D_Muhamad Naufal Zaky-066.png> <./images/EMT4Plot2D_Muhamad Naufal Zaky-067.png>]
<images/EMT4Plot2D_Muhamad Naufal Zaky-068.png, id=194, 406.51875pt x 271.0125pt>
File: images/EMT4Plot2D_Muhamad Naufal Zaky-068.png Graphic file (type png)
<use images/EMT4Plot2D_Muhamad Naufal Zaky-068.png>
Package pdftex.def Info: images/EMT4Plot2D_Muhamad Naufal Zaky-068.png  used on input line 831.
(pdftex.def)             Requested size: 313.51042pt x 209.0pt.
<images/EMT4Plot2D_Muhamad Naufal Zaky-069.png, id=195, 406.51875pt x 271.0125pt>
File: images/EMT4Plot2D_Muhamad Naufal Zaky-069.png Graphic file (type png)
<use images/EMT4Plot2D_Muhamad Naufal Zaky-069.png>
Package pdftex.def Info: images/EMT4Plot2D_Muhamad Naufal Zaky-069.png  used on input line 869.
(pdftex.def)             Requested size: 313.51042pt x 209.0pt.
 [38 <./images/EMT4Plot2D_Muhamad Naufal Zaky-068.png>]
<images/EMT4Plot2D_Muhamad Naufal Zaky-070.png, id=199, 406.51875pt x 271.0125pt>
File: images/EMT4Plot2D_Muhamad Naufal Zaky-070.png Graphic file (type png)
<use images/EMT4Plot2D_Muhamad Naufal Zaky-070.png>
Package pdftex.def Info: images/EMT4Plot2D_Muhamad Naufal Zaky-070.png  used on input line 889.
(pdftex.def)             Requested size: 313.51042pt x 209.0pt.
 [39 <./images/EMT4Plot2D_Muhamad Naufal Zaky-069.png> <./images/EMT4Plot2D_Muhamad Naufal Zaky-070.png>]
<images/EMT4Plot2D_Muhamad Naufal Zaky-071.png, id=203, 406.51875pt x 271.0125pt>
File: images/EMT4Plot2D_Muhamad Naufal Zaky-071.png Graphic file (type png)
<use images/EMT4Plot2D_Muhamad Naufal Zaky-071.png>
Package pdftex.def Info: images/EMT4Plot2D_Muhamad Naufal Zaky-071.png  used on input line 914.
(pdftex.def)             Requested size: 313.51042pt x 209.0pt.
 [40 <./images/EMT4Plot2D_Muhamad Naufal Zaky-071.png>]
<images/EMT4Plot2D_Muhamad Naufal Zaky-072.png, id=207, 420.06938pt x 420.06938pt>
File: images/EMT4Plot2D_Muhamad Naufal Zaky-072.png Graphic file (type png)
<use images/EMT4Plot2D_Muhamad Naufal Zaky-072.png>
Package pdftex.def Info: images/EMT4Plot2D_Muhamad Naufal Zaky-072.png  used on input line 961.
(pdftex.def)             Requested size: 329.99876pt x 330.0pt.
 [41 <./images/EMT4Plot2D_Muhamad Naufal Zaky-072.png>]
<images/EMT4Plot2D_Muhamad Naufal Zaky-073.png, id=211, 406.51875pt x 271.0125pt>
File: images/EMT4Plot2D_Muhamad Naufal Zaky-073.png Graphic file (type png)
<use images/EMT4Plot2D_Muhamad Naufal Zaky-073.png>
Package pdftex.def Info: images/EMT4Plot2D_Muhamad Naufal Zaky-073.png  used on input line 974.
(pdftex.def)             Requested size: 313.51042pt x 209.0pt.
<images/EMT4Plot2D_Muhamad Naufal Zaky-074.png, id=212, 406.51875pt x 271.0125pt>
File: images/EMT4Plot2D_Muhamad Naufal Zaky-074.png Graphic file (type png)
<use images/EMT4Plot2D_Muhamad Naufal Zaky-074.png>
Package pdftex.def Info: images/EMT4Plot2D_Muhamad Naufal Zaky-074.png  used on input line 986.
(pdftex.def)             Requested size: 313.51042pt x 209.0pt.
 [42 <./images/EMT4Plot2D_Muhamad Naufal Zaky-073.png> <./images/EMT4Plot2D_Muhamad Naufal Zaky-074.png>]
<images/EMT4Plot2D_Muhamad Naufal Zaky-075.png, id=216, 406.51875pt x 271.0125pt>
File: images/EMT4Plot2D_Muhamad Naufal Zaky-075.png Graphic file (type png)
<use images/EMT4Plot2D_Muhamad Naufal Zaky-075.png>
Package pdftex.def Info: images/EMT4Plot2D_Muhamad Naufal Zaky-075.png  used on input line 994.
(pdftex.def)             Requested size: 313.51042pt x 209.0pt.

d:/Aplikasi Komputer/Pertemuan Pekan 5-6/EMT4Plot2D_Muhamad Naufal Zaky.tex:1003: Undefined control sequence.
\euleroutput ...psep =0pt\begin {alltt}\ttfamiliy 
                                                  \ignorespaces 
l.1003 \begin{euleroutput}
                          
The control sequence at the end of the top line
of your error message was never \def'ed. If you have
misspelled it (e.g., `\hobx'), type `I' and the correct
spelling (e.g., `I\hbox'). Otherwise just continue,
and I'll forget about whatever was undefined.

<images/EMT4Plot2D_Muhamad Naufal Zaky-076.png, id=217, 406.51875pt x 271.0125pt>
File: images/EMT4Plot2D_Muhamad Naufal Zaky-076.png Graphic file (type png)
<use images/EMT4Plot2D_Muhamad Naufal Zaky-076.png>
Package pdftex.def Info: images/EMT4Plot2D_Muhamad Naufal Zaky-076.png  used on input line 1014.
(pdftex.def)             Requested size: 313.51042pt x 209.0pt.
[43 <./images/EMT4Plot2D_Muhamad Naufal Zaky-075.png>]
<images/EMT4Plot2D_Muhamad Naufal Zaky-077.png, id=222, 406.51875pt x 271.0125pt>
File: images/EMT4Plot2D_Muhamad Naufal Zaky-077.png Graphic file (type png)
<use images/EMT4Plot2D_Muhamad Naufal Zaky-077.png>
Package pdftex.def Info: images/EMT4Plot2D_Muhamad Naufal Zaky-077.png  used on input line 1023.
(pdftex.def)             Requested size: 313.51042pt x 209.0pt.
<images/EMT4Plot2D_Muhamad Naufal Zaky-078.png, id=223, 406.51875pt x 271.0125pt>
File: images/EMT4Plot2D_Muhamad Naufal Zaky-078.png Graphic file (type png)
<use images/EMT4Plot2D_Muhamad Naufal Zaky-078.png>
Package pdftex.def Info: images/EMT4Plot2D_Muhamad Naufal Zaky-078.png  used on input line 1027.
(pdftex.def)             Requested size: 313.51042pt x 209.0pt.
 [44 <./images/EMT4Plot2D_Muhamad Naufal Zaky-076.png> <./images/EMT4Plot2D_Muhamad Naufal Zaky-077.png>]
<images/EMT4Plot2D_Muhamad Naufal Zaky-079.png, id=227, 420.06938pt x 420.06938pt>
File: images/EMT4Plot2D_Muhamad Naufal Zaky-079.png Graphic file (type png)
<use images/EMT4Plot2D_Muhamad Naufal Zaky-079.png>
Package pdftex.def Info: images/EMT4Plot2D_Muhamad Naufal Zaky-079.png  used on input line 1036.
(pdftex.def)             Requested size: 329.99876pt x 330.0pt.
 [45 <./images/EMT4Plot2D_Muhamad Naufal Zaky-078.png> <./images/EMT4Plot2D_Muhamad Naufal Zaky-079.png>]
<images/EMT4Plot2D_Muhamad Naufal Zaky-080.png, id=231, 420.06938pt x 420.06938pt>
File: images/EMT4Plot2D_Muhamad Naufal Zaky-080.png Graphic file (type png)
<use images/EMT4Plot2D_Muhamad Naufal Zaky-080.png>
Package pdftex.def Info: images/EMT4Plot2D_Muhamad Naufal Zaky-080.png  used on input line 1056.
(pdftex.def)             Requested size: 329.99876pt x 330.0pt.
<images/EMT4Plot2D_Muhamad Naufal Zaky-081.png, id=232, 406.51875pt x 271.0125pt>
File: images/EMT4Plot2D_Muhamad Naufal Zaky-081.png Graphic file (type png)
<use images/EMT4Plot2D_Muhamad Naufal Zaky-081.png>
Package pdftex.def Info: images/EMT4Plot2D_Muhamad Naufal Zaky-081.png  used on input line 1070.
(pdftex.def)             Requested size: 313.51042pt x 209.0pt.
 [46 <./images/EMT4Plot2D_Muhamad Naufal Zaky-080.png>]
<images/EMT4Plot2D_Muhamad Naufal Zaky-082.png, id=236, 406.51875pt x 271.0125pt>
File: images/EMT4Plot2D_Muhamad Naufal Zaky-082.png Graphic file (type png)
<use images/EMT4Plot2D_Muhamad Naufal Zaky-082.png>
Package pdftex.def Info: images/EMT4Plot2D_Muhamad Naufal Zaky-082.png  used on input line 1097.
(pdftex.def)             Requested size: 313.51042pt x 209.0pt.

d:/Aplikasi Komputer/Pertemuan Pekan 5-6/EMT4Plot2D_Muhamad Naufal Zaky.tex:1104: You can't use `macro parameter character #' in horizontal mode.
l.1104 "[]#
           ", "\textless{}\textgreater{}#", "o#", "..#", "#", "\textbar{}".
Sorry, but I'm not programmed to handle this case;
I'll just pretend that you didn't ask for it.
If you're in the wrong mode, you might be able to
return to the right one by typing `I}' or `I$' or `I\par'.

d:/Aplikasi Komputer/Pertemuan Pekan 5-6/EMT4Plot2D_Muhamad Naufal Zaky.tex:1104: You can't use `macro parameter character #' in horizontal mode.
l.1104 "[]#", "\textless{}\textgreater{}#
                                         ", "o#", "..#", "#", "\textbar{}".
Sorry, but I'm not programmed to handle this case;
I'll just pretend that you didn't ask for it.
If you're in the wrong mode, you might be able to
return to the right one by typing `I}' or `I$' or `I\par'.

d:/Aplikasi Komputer/Pertemuan Pekan 5-6/EMT4Plot2D_Muhamad Naufal Zaky.tex:1104: You can't use `macro parameter character #' in horizontal mode.
l.1104 "[]#", "\textless{}\textgreater{}#", "o#
                                               ", "..#", "#", "\textbar{}".
Sorry, but I'm not programmed to handle this case;
I'll just pretend that you didn't ask for it.
If you're in the wrong mode, you might be able to
return to the right one by typing `I}' or `I$' or `I\par'.

d:/Aplikasi Komputer/Pertemuan Pekan 5-6/EMT4Plot2D_Muhamad Naufal Zaky.tex:1104: You can't use `macro parameter character #' in horizontal mode.
l.1104 ..."\textless{}\textgreater{}#", "o#", "..#
                                                  ", "#", "\textbar{}".
Sorry, but I'm not programmed to handle this case;
I'll just pretend that you didn't ask for it.
If you're in the wrong mode, you might be able to
return to the right one by typing `I}' or `I$' or `I\par'.

d:/Aplikasi Komputer/Pertemuan Pekan 5-6/EMT4Plot2D_Muhamad Naufal Zaky.tex:1104: You can't use `macro parameter character #' in horizontal mode.
l.1104 ...tless{}\textgreater{}#", "o#", "..#", "#
                                                  ", "\textbar{}".
Sorry, but I'm not programmed to handle this case;
I'll just pretend that you didn't ask for it.
If you're in the wrong mode, you might be able to
return to the right one by typing `I}' or `I$' or `I\par'.

[47 <./images/EMT4Plot2D_Muhamad Naufal Zaky-081.png> <./images/EMT4Plot2D_Muhamad Naufal Zaky-082.png>]
<images/EMT4Plot2D_Muhamad Naufal Zaky-083.png, id=240, 406.51875pt x 271.0125pt>
File: images/EMT4Plot2D_Muhamad Naufal Zaky-083.png Graphic file (type png)
<use images/EMT4Plot2D_Muhamad Naufal Zaky-083.png>
Package pdftex.def Info: images/EMT4Plot2D_Muhamad Naufal Zaky-083.png  used on input line 1118.
(pdftex.def)             Requested size: 313.51042pt x 209.0pt.
<images/EMT4Plot2D_Muhamad Naufal Zaky-084.png, id=241, 406.51875pt x 271.0125pt>
File: images/EMT4Plot2D_Muhamad Naufal Zaky-084.png Graphic file (type png)
<use images/EMT4Plot2D_Muhamad Naufal Zaky-084.png>
Package pdftex.def Info: images/EMT4Plot2D_Muhamad Naufal Zaky-084.png  used on input line 1123.
(pdftex.def)             Requested size: 313.51042pt x 209.0pt.
 [48 <./images/EMT4Plot2D_Muhamad Naufal Zaky-083.png> <./images/EMT4Plot2D_Muhamad Naufal Zaky-084.png>]
d:/Aplikasi Komputer/Pertemuan Pekan 5-6/EMT4Plot2D_Muhamad Naufal Zaky.tex:1130: You can't use `macro parameter character #' in horizontal mode.
l.1130 - style="...": Select from "#
                                    ", "/", "\textbackslash{}", "\textbacksl...
Sorry, but I'm not programmed to handle this case;
I'll just pretend that you didn't ask for it.
If you're in the wrong mode, you might be able to
return to the right one by typing `I}' or `I$' or `I\par'.

<images/EMT4Plot2D_Muhamad Naufal Zaky-085.png, id=245, 409.53pt x 230.36063pt>
File: images/EMT4Plot2D_Muhamad Naufal Zaky-085.png Graphic file (type png)
<use images/EMT4Plot2D_Muhamad Naufal Zaky-085.png>
Package pdftex.def Info: images/EMT4Plot2D_Muhamad Naufal Zaky-085.png  used on input line 1145.
(pdftex.def)             Requested size: 312.8895pt x 176.0pt.
<images/EMT4Plot2D_Muhamad Naufal Zaky-086.png, id=246, 409.53pt x 230.36063pt>
File: images/EMT4Plot2D_Muhamad Naufal Zaky-086.png Graphic file (type png)
<use images/EMT4Plot2D_Muhamad Naufal Zaky-086.png>
Package pdftex.def Info: images/EMT4Plot2D_Muhamad Naufal Zaky-086.png  used on input line 1154.
(pdftex.def)             Requested size: 312.8895pt x 176.0pt.
[49 <./images/EMT4Plot2D_Muhamad Naufal Zaky-085.png> <./images/EMT4Plot2D_Muhamad Naufal Zaky-086.png>]
<images/EMT4Plot2D_Muhamad Naufal Zaky-087.png, id=251, 409.53pt x 230.36063pt>
File: images/EMT4Plot2D_Muhamad Naufal Zaky-087.png Graphic file (type png)
<use images/EMT4Plot2D_Muhamad Naufal Zaky-087.png>
Package pdftex.def Info: images/EMT4Plot2D_Muhamad Naufal Zaky-087.png  used on input line 1159.
(pdftex.def)             Requested size: 312.8895pt x 176.0pt.
<images/EMT4Plot2D_Muhamad Naufal Zaky-088.png, id=252, 409.53pt x 230.36063pt>
File: images/EMT4Plot2D_Muhamad Naufal Zaky-088.png Graphic file (type png)
<use images/EMT4Plot2D_Muhamad Naufal Zaky-088.png>
Package pdftex.def Info: images/EMT4Plot2D_Muhamad Naufal Zaky-088.png  used on input line 1163.
(pdftex.def)             Requested size: 312.8895pt x 176.0pt.
<images/EMT4Plot2D_Muhamad Naufal Zaky-089.png, id=253, 409.53pt x 230.36063pt>
File: images/EMT4Plot2D_Muhamad Naufal Zaky-089.png Graphic file (type png)
<use images/EMT4Plot2D_Muhamad Naufal Zaky-089.png>
Package pdftex.def Info: images/EMT4Plot2D_Muhamad Naufal Zaky-089.png  used on input line 1172.
(pdftex.def)             Requested size: 312.8895pt x 176.0pt.
 [50 <./images/EMT4Plot2D_Muhamad Naufal Zaky-087.png> <./images/EMT4Plot2D_Muhamad Naufal Zaky-088.png>]
<images/EMT4Plot2D_Muhamad Naufal Zaky-090.png, id=257, 409.53pt x 230.36063pt>
File: images/EMT4Plot2D_Muhamad Naufal Zaky-090.png Graphic file (type png)
<use images/EMT4Plot2D_Muhamad Naufal Zaky-090.png>
Package pdftex.def Info: images/EMT4Plot2D_Muhamad Naufal Zaky-090.png  used on input line 1184.
(pdftex.def)             Requested size: 312.8895pt x 176.0pt.
<images/EMT4Plot2D_Muhamad Naufal Zaky-091.png, id=258, 409.53pt x 230.36063pt>
File: images/EMT4Plot2D_Muhamad Naufal Zaky-091.png Graphic file (type png)
<use images/EMT4Plot2D_Muhamad Naufal Zaky-091.png>
Package pdftex.def Info: images/EMT4Plot2D_Muhamad Naufal Zaky-091.png  used on input line 1201.
(pdftex.def)             Requested size: 312.8895pt x 176.0pt.
 [51 <./images/EMT4Plot2D_Muhamad Naufal Zaky-089.png> <./images/EMT4Plot2D_Muhamad Naufal Zaky-090.png>]
<images/EMT4Plot2D_Muhamad Naufal Zaky-092.png, id=262, 409.53pt x 230.36063pt>
File: images/EMT4Plot2D_Muhamad Naufal Zaky-092.png Graphic file (type png)
<use images/EMT4Plot2D_Muhamad Naufal Zaky-092.png>
Package pdftex.def Info: images/EMT4Plot2D_Muhamad Naufal Zaky-092.png  used on input line 1214.
(pdftex.def)             Requested size: 312.8895pt x 176.0pt.
<images/EMT4Plot2D_Muhamad Naufal Zaky-093.png, id=263, 409.53pt x 230.36063pt>
File: images/EMT4Plot2D_Muhamad Naufal Zaky-093.png Graphic file (type png)
<use images/EMT4Plot2D_Muhamad Naufal Zaky-093.png>
Package pdftex.def Info: images/EMT4Plot2D_Muhamad Naufal Zaky-093.png  used on input line 1224.
(pdftex.def)             Requested size: 312.8895pt x 176.0pt.
 [52 <./images/EMT4Plot2D_Muhamad Naufal Zaky-091.png> <./images/EMT4Plot2D_Muhamad Naufal Zaky-092.png>]
<images/EMT4Plot2D_Muhamad Naufal Zaky-094.png, id=267, 409.53pt x 230.36063pt>
File: images/EMT4Plot2D_Muhamad Naufal Zaky-094.png Graphic file (type png)
<use images/EMT4Plot2D_Muhamad Naufal Zaky-094.png>
Package pdftex.def Info: images/EMT4Plot2D_Muhamad Naufal Zaky-094.png  used on input line 1234.
(pdftex.def)             Requested size: 312.8895pt x 176.0pt.
<images/EMT4Plot2D_Muhamad Naufal Zaky-096.png, id=268, 409.53pt x 230.36063pt>
File: images/EMT4Plot2D_Muhamad Naufal Zaky-096.png Graphic file (type png)
<use images/EMT4Plot2D_Muhamad Naufal Zaky-096.png>
Package pdftex.def Info: images/EMT4Plot2D_Muhamad Naufal Zaky-096.png  used on input line 1249.
(pdftex.def)             Requested size: 312.8895pt x 176.0pt.
 [53 <./images/EMT4Plot2D_Muhamad Naufal Zaky-093.png> <./images/EMT4Plot2D_Muhamad Naufal Zaky-094.png>]
<images/EMT4Plot2D_Muhamad Naufal Zaky-097.png, id=272, 409.53pt x 230.36063pt>
File: images/EMT4Plot2D_Muhamad Naufal Zaky-097.png Graphic file (type png)
<use images/EMT4Plot2D_Muhamad Naufal Zaky-097.png>
Package pdftex.def Info: images/EMT4Plot2D_Muhamad Naufal Zaky-097.png  used on input line 1253.
(pdftex.def)             Requested size: 312.8895pt x 176.0pt.
<images/EMT4Plot2D_Muhamad Naufal Zaky-099.png, id=273, 409.53pt x 230.36063pt>
File: images/EMT4Plot2D_Muhamad Naufal Zaky-099.png Graphic file (type png)
<use images/EMT4Plot2D_Muhamad Naufal Zaky-099.png>
Package pdftex.def Info: images/EMT4Plot2D_Muhamad Naufal Zaky-099.png  used on input line 1277.
(pdftex.def)             Requested size: 312.8895pt x 176.0pt.
 [54 <./images/EMT4Plot2D_Muhamad Naufal Zaky-096.png> <./images/EMT4Plot2D_Muhamad Naufal Zaky-097.png>]
<images/EMT4Plot2D_Muhamad Naufal Zaky-100.png, id=277, 409.53pt x 230.36063pt>
File: images/EMT4Plot2D_Muhamad Naufal Zaky-100.png Graphic file (type png)
<use images/EMT4Plot2D_Muhamad Naufal Zaky-100.png>
Package pdftex.def Info: images/EMT4Plot2D_Muhamad Naufal Zaky-100.png  used on input line 1285.
(pdftex.def)             Requested size: 312.8895pt x 176.0pt.
<images/EMT4Plot2D_Muhamad Naufal Zaky-101.png, id=278, 409.53pt x 230.36063pt>
File: images/EMT4Plot2D_Muhamad Naufal Zaky-101.png Graphic file (type png)
<use images/EMT4Plot2D_Muhamad Naufal Zaky-101.png>
Package pdftex.def Info: images/EMT4Plot2D_Muhamad Naufal Zaky-101.png  used on input line 1290.
(pdftex.def)             Requested size: 312.8895pt x 176.0pt.
 [55 <./images/EMT4Plot2D_Muhamad Naufal Zaky-099.png> <./images/EMT4Plot2D_Muhamad Naufal Zaky-100.png> <./images/EMT4Plot2D_Muhamad Naufal Zaky-101.png>]
<images/EMT4Plot2D_Muhamad Naufal Zaky-104.png, id=283, 409.53pt x 230.36063pt>
File: images/EMT4Plot2D_Muhamad Naufal Zaky-104.png Graphic file (type png)
<use images/EMT4Plot2D_Muhamad Naufal Zaky-104.png>
Package pdftex.def Info: images/EMT4Plot2D_Muhamad Naufal Zaky-104.png  used on input line 1313.
(pdftex.def)             Requested size: 312.8895pt x 176.0pt.
<images/EMT4Plot2D_Muhamad Naufal Zaky-105.png, id=284, 420.06938pt x 420.06938pt>
File: images/EMT4Plot2D_Muhamad Naufal Zaky-105.png Graphic file (type png)
<use images/EMT4Plot2D_Muhamad Naufal Zaky-105.png>
Package pdftex.def Info: images/EMT4Plot2D_Muhamad Naufal Zaky-105.png  used on input line 1333.
(pdftex.def)             Requested size: 329.99876pt x 330.0pt.
 [56 <./images/EMT4Plot2D_Muhamad Naufal Zaky-104.png>]
<images/EMT4Plot2D_Muhamad Naufal Zaky-106.png, id=288, 406.51875pt x 325.215pt>
File: images/EMT4Plot2D_Muhamad Naufal Zaky-106.png Graphic file (type png)
<use images/EMT4Plot2D_Muhamad Naufal Zaky-106.png>
Package pdftex.def Info: images/EMT4Plot2D_Muhamad Naufal Zaky-106.png  used on input line 1338.
(pdftex.def)             Requested size: 316.25835pt x 253.0pt.
 [57 <./images/EMT4Plot2D_Muhamad Naufal Zaky-105.png> <./images/EMT4Plot2D_Muhamad Naufal Zaky-106.png>]
<images/EMT4Plot2D_Muhamad Naufal Zaky-107.png, id=292, 406.51875pt x 325.215pt>
File: images/EMT4Plot2D_Muhamad Naufal Zaky-107.png Graphic file (type png)
<use images/EMT4Plot2D_Muhamad Naufal Zaky-107.png>
Package pdftex.def Info: images/EMT4Plot2D_Muhamad Naufal Zaky-107.png  used on input line 1343.
(pdftex.def)             Requested size: 316.25835pt x 253.0pt.
<images/EMT4Plot2D_Muhamad Naufal Zaky-109.png, id=293, 406.51875pt x 325.215pt>
File: images/EMT4Plot2D_Muhamad Naufal Zaky-109.png Graphic file (type png)
<use images/EMT4Plot2D_Muhamad Naufal Zaky-109.png>
Package pdftex.def Info: images/EMT4Plot2D_Muhamad Naufal Zaky-109.png  used on input line 1361.
(pdftex.def)             Requested size: 316.25835pt x 253.0pt.
 [58 <./images/EMT4Plot2D_Muhamad Naufal Zaky-107.png>]
<images/EMT4Plot2D_Muhamad Naufal Zaky-110.png, id=297, 406.51875pt x 325.215pt>
File: images/EMT4Plot2D_Muhamad Naufal Zaky-110.png Graphic file (type png)
<use images/EMT4Plot2D_Muhamad Naufal Zaky-110.png>
Package pdftex.def Info: images/EMT4Plot2D_Muhamad Naufal Zaky-110.png  used on input line 1374.
(pdftex.def)             Requested size: 316.25835pt x 253.0pt.
 [59 <./images/EMT4Plot2D_Muhamad Naufal Zaky-109.png> <./images/EMT4Plot2D_Muhamad Naufal Zaky-110.png>]
<images/EMT4Plot2D_Muhamad Naufal Zaky-111.png, id=301, 406.51875pt x 325.215pt>
File: images/EMT4Plot2D_Muhamad Naufal Zaky-111.png Graphic file (type png)
<use images/EMT4Plot2D_Muhamad Naufal Zaky-111.png>
Package pdftex.def Info: images/EMT4Plot2D_Muhamad Naufal Zaky-111.png  used on input line 1381.
(pdftex.def)             Requested size: 316.25835pt x 253.0pt.
<images/EMT4Plot2D_Muhamad Naufal Zaky-112.png, id=302, 406.51875pt x 325.215pt>
File: images/EMT4Plot2D_Muhamad Naufal Zaky-112.png Graphic file (type png)
<use images/EMT4Plot2D_Muhamad Naufal Zaky-112.png>
Package pdftex.def Info: images/EMT4Plot2D_Muhamad Naufal Zaky-112.png  used on input line 1385.
(pdftex.def)             Requested size: 316.25835pt x 253.0pt.
 [60 <./images/EMT4Plot2D_Muhamad Naufal Zaky-111.png> <./images/EMT4Plot2D_Muhamad Naufal Zaky-112.png>]
<images/EMT4Plot2D_Muhamad Naufal Zaky-113.png, id=306, 406.51875pt x 325.215pt>
File: images/EMT4Plot2D_Muhamad Naufal Zaky-113.png Graphic file (type png)
<use images/EMT4Plot2D_Muhamad Naufal Zaky-113.png>
Package pdftex.def Info: images/EMT4Plot2D_Muhamad Naufal Zaky-113.png  used on input line 1396.
(pdftex.def)             Requested size: 316.25835pt x 253.0pt.
<images/EMT4Plot2D_Muhamad Naufal Zaky-114.png, id=307, 406.51875pt x 325.215pt>
File: images/EMT4Plot2D_Muhamad Naufal Zaky-114.png Graphic file (type png)
<use images/EMT4Plot2D_Muhamad Naufal Zaky-114.png>
Package pdftex.def Info: images/EMT4Plot2D_Muhamad Naufal Zaky-114.png  used on input line 1401.
(pdftex.def)             Requested size: 316.25835pt x 253.0pt.
 [61 <./images/EMT4Plot2D_Muhamad Naufal Zaky-113.png> <./images/EMT4Plot2D_Muhamad Naufal Zaky-114.png>]
<images/EMT4Plot2D_Muhamad Naufal Zaky-115.png, id=312, 406.51875pt x 325.215pt>
File: images/EMT4Plot2D_Muhamad Naufal Zaky-115.png Graphic file (type png)
<use images/EMT4Plot2D_Muhamad Naufal Zaky-115.png>
Package pdftex.def Info: images/EMT4Plot2D_Muhamad Naufal Zaky-115.png  used on input line 1405.
(pdftex.def)             Requested size: 316.25835pt x 253.0pt.
<images/EMT4Plot2D_Muhamad Naufal Zaky-116.png, id=313, 406.51875pt x 325.215pt>
File: images/EMT4Plot2D_Muhamad Naufal Zaky-116.png Graphic file (type png)
<use images/EMT4Plot2D_Muhamad Naufal Zaky-116.png>
Package pdftex.def Info: images/EMT4Plot2D_Muhamad Naufal Zaky-116.png  used on input line 1409.
(pdftex.def)             Requested size: 316.25835pt x 253.0pt.
<images/EMT4Plot2D_Muhamad Naufal Zaky-117.png, id=314, 406.51875pt x 325.215pt>
File: images/EMT4Plot2D_Muhamad Naufal Zaky-117.png Graphic file (type png)
<use images/EMT4Plot2D_Muhamad Naufal Zaky-117.png>
Package pdftex.def Info: images/EMT4Plot2D_Muhamad Naufal Zaky-117.png  used on input line 1413.
(pdftex.def)             Requested size: 316.25835pt x 253.0pt.
 [62 <./images/EMT4Plot2D_Muhamad Naufal Zaky-115.png> <./images/EMT4Plot2D_Muhamad Naufal Zaky-116.png>]
<images/EMT4Plot2D_Muhamad Naufal Zaky-118.png, id=318, 406.51875pt x 325.215pt>
File: images/EMT4Plot2D_Muhamad Naufal Zaky-118.png Graphic file (type png)
<use images/EMT4Plot2D_Muhamad Naufal Zaky-118.png>
Package pdftex.def Info: images/EMT4Plot2D_Muhamad Naufal Zaky-118.png  used on input line 1417.
(pdftex.def)             Requested size: 316.25835pt x 253.0pt.
<images/EMT4Plot2D_Muhamad Naufal Zaky-119.png, id=319, 406.51875pt x 325.215pt>
File: images/EMT4Plot2D_Muhamad Naufal Zaky-119.png Graphic file (type png)
<use images/EMT4Plot2D_Muhamad Naufal Zaky-119.png>
Package pdftex.def Info: images/EMT4Plot2D_Muhamad Naufal Zaky-119.png  used on input line 1426.
(pdftex.def)             Requested size: 316.25835pt x 253.0pt.
 [63 <./images/EMT4Plot2D_Muhamad Naufal Zaky-117.png> <./images/EMT4Plot2D_Muhamad Naufal Zaky-118.png>]
<images/EMT4Plot2D_Muhamad Naufal Zaky-120.png, id=323, 406.51875pt x 325.215pt>
File: images/EMT4Plot2D_Muhamad Naufal Zaky-120.png Graphic file (type png)
<use images/EMT4Plot2D_Muhamad Naufal Zaky-120.png>
Package pdftex.def Info: images/EMT4Plot2D_Muhamad Naufal Zaky-120.png  used on input line 1436.
(pdftex.def)             Requested size: 316.25835pt x 253.0pt.
 [64 <./images/EMT4Plot2D_Muhamad Naufal Zaky-119.png> <./images/EMT4Plot2D_Muhamad Naufal Zaky-120.png>]
<images/EMT4Plot2D_Muhamad Naufal Zaky-121.png, id=327, 406.51875pt x 325.215pt>
File: images/EMT4Plot2D_Muhamad Naufal Zaky-121.png Graphic file (type png)
<use images/EMT4Plot2D_Muhamad Naufal Zaky-121.png>
Package pdftex.def Info: images/EMT4Plot2D_Muhamad Naufal Zaky-121.png  used on input line 1443.
(pdftex.def)             Requested size: 316.25835pt x 253.0pt.
<images/EMT4Plot2D_Muhamad Naufal Zaky-122.png, id=328, 406.51875pt x 325.215pt>
File: images/EMT4Plot2D_Muhamad Naufal Zaky-122.png Graphic file (type png)
<use images/EMT4Plot2D_Muhamad Naufal Zaky-122.png>
Package pdftex.def Info: images/EMT4Plot2D_Muhamad Naufal Zaky-122.png  used on input line 1449.
(pdftex.def)             Requested size: 316.25835pt x 253.0pt.
 [65 <./images/EMT4Plot2D_Muhamad Naufal Zaky-121.png> <./images/EMT4Plot2D_Muhamad Naufal Zaky-122.png>]
<images/EMT4Plot2D_Muhamad Naufal Zaky-123.png, id=332, 406.51875pt x 325.215pt>
File: images/EMT4Plot2D_Muhamad Naufal Zaky-123.png Graphic file (type png)
<use images/EMT4Plot2D_Muhamad Naufal Zaky-123.png>
Package pdftex.def Info: images/EMT4Plot2D_Muhamad Naufal Zaky-123.png  used on input line 1463.
(pdftex.def)             Requested size: 316.25835pt x 253.0pt.
<images/EMT4Plot2D_Muhamad Naufal Zaky-124.png, id=333, 406.51875pt x 325.215pt>
File: images/EMT4Plot2D_Muhamad Naufal Zaky-124.png Graphic file (type png)
<use images/EMT4Plot2D_Muhamad Naufal Zaky-124.png>
Package pdftex.def Info: images/EMT4Plot2D_Muhamad Naufal Zaky-124.png  used on input line 1475.
(pdftex.def)             Requested size: 316.25835pt x 253.0pt.
 [66 <./images/EMT4Plot2D_Muhamad Naufal Zaky-123.png>]
<images/EMT4Plot2D_Muhamad Naufal Zaky-125.png, id=337, 406.51875pt x 325.215pt>
File: images/EMT4Plot2D_Muhamad Naufal Zaky-125.png Graphic file (type png)
<use images/EMT4Plot2D_Muhamad Naufal Zaky-125.png>
Package pdftex.def Info: images/EMT4Plot2D_Muhamad Naufal Zaky-125.png  used on input line 1479.
(pdftex.def)             Requested size: 316.25835pt x 253.0pt.
<images/EMT4Plot2D_Muhamad Naufal Zaky-126.png, id=338, 406.51875pt x 325.215pt>
File: images/EMT4Plot2D_Muhamad Naufal Zaky-126.png Graphic file (type png)
<use images/EMT4Plot2D_Muhamad Naufal Zaky-126.png>
Package pdftex.def Info: images/EMT4Plot2D_Muhamad Naufal Zaky-126.png  used on input line 1483.
(pdftex.def)             Requested size: 316.25835pt x 253.0pt.
 [67 <./images/EMT4Plot2D_Muhamad Naufal Zaky-124.png> <./images/EMT4Plot2D_Muhamad Naufal Zaky-125.png>]
<images/EMT4Plot2D_Muhamad Naufal Zaky-127.png, id=343, 406.51875pt x 325.215pt>
File: images/EMT4Plot2D_Muhamad Naufal Zaky-127.png Graphic file (type png)
<use images/EMT4Plot2D_Muhamad Naufal Zaky-127.png>
Package pdftex.def Info: images/EMT4Plot2D_Muhamad Naufal Zaky-127.png  used on input line 1487.
(pdftex.def)             Requested size: 316.25835pt x 253.0pt.
<images/EMT4Plot2D_Muhamad Naufal Zaky-128.png, id=344, 406.51875pt x 325.215pt>
File: images/EMT4Plot2D_Muhamad Naufal Zaky-128.png Graphic file (type png)
<use images/EMT4Plot2D_Muhamad Naufal Zaky-128.png>
Package pdftex.def Info: images/EMT4Plot2D_Muhamad Naufal Zaky-128.png  used on input line 1496.
(pdftex.def)             Requested size: 316.25835pt x 253.0pt.
 [68 <./images/EMT4Plot2D_Muhamad Naufal Zaky-126.png> <./images/EMT4Plot2D_Muhamad Naufal Zaky-127.png>]
<images/EMT4Plot2D_Muhamad Naufal Zaky-129.png, id=348, 406.51875pt x 325.215pt>
File: images/EMT4Plot2D_Muhamad Naufal Zaky-129.png Graphic file (type png)
<use images/EMT4Plot2D_Muhamad Naufal Zaky-129.png>
Package pdftex.def Info: images/EMT4Plot2D_Muhamad Naufal Zaky-129.png  used on input line 1504.
(pdftex.def)             Requested size: 316.25835pt x 253.0pt.
<images/EMT4Plot2D_Muhamad Naufal Zaky-130.png, id=349, 406.51875pt x 325.215pt>
File: images/EMT4Plot2D_Muhamad Naufal Zaky-130.png Graphic file (type png)
<use images/EMT4Plot2D_Muhamad Naufal Zaky-130.png>
Package pdftex.def Info: images/EMT4Plot2D_Muhamad Naufal Zaky-130.png  used on input line 1512.
(pdftex.def)             Requested size: 316.25835pt x 253.0pt.
 [69 <./images/EMT4Plot2D_Muhamad Naufal Zaky-128.png> <./images/EMT4Plot2D_Muhamad Naufal Zaky-129.png>]
<images/EMT4Plot2D_Muhamad Naufal Zaky-131.png, id=353, 406.51875pt x 325.215pt>
File: images/EMT4Plot2D_Muhamad Naufal Zaky-131.png Graphic file (type png)
<use images/EMT4Plot2D_Muhamad Naufal Zaky-131.png>
Package pdftex.def Info: images/EMT4Plot2D_Muhamad Naufal Zaky-131.png  used on input line 1517.
(pdftex.def)             Requested size: 316.25835pt x 253.0pt.
<images/EMT4Plot2D_Muhamad Naufal Zaky-132.png, id=354, 406.51875pt x 325.215pt>
File: images/EMT4Plot2D_Muhamad Naufal Zaky-132.png Graphic file (type png)
<use images/EMT4Plot2D_Muhamad Naufal Zaky-132.png>
Package pdftex.def Info: images/EMT4Plot2D_Muhamad Naufal Zaky-132.png  used on input line 1527.
(pdftex.def)             Requested size: 316.25835pt x 253.0pt.
 [70 <./images/EMT4Plot2D_Muhamad Naufal Zaky-130.png> <./images/EMT4Plot2D_Muhamad Naufal Zaky-131.png>]
<images/EMT4Plot2D_Muhamad Naufal Zaky-134.png, id=358, 406.51875pt x 271.0125pt>
File: images/EMT4Plot2D_Muhamad Naufal Zaky-134.png Graphic file (type png)
<use images/EMT4Plot2D_Muhamad Naufal Zaky-134.png>
Package pdftex.def Info: images/EMT4Plot2D_Muhamad Naufal Zaky-134.png  used on input line 1561.
(pdftex.def)             Requested size: 313.51042pt x 209.0pt.
 [71 <./images/EMT4Plot2D_Muhamad Naufal Zaky-132.png>]
<images/EMT4Plot2D_Muhamad Naufal Zaky-135.png, id=362, 406.51875pt x 271.0125pt>
File: images/EMT4Plot2D_Muhamad Naufal Zaky-135.png Graphic file (type png)
<use images/EMT4Plot2D_Muhamad Naufal Zaky-135.png>
Package pdftex.def Info: images/EMT4Plot2D_Muhamad Naufal Zaky-135.png  used on input line 1566.
(pdftex.def)             Requested size: 313.51042pt x 209.0pt.
<images/EMT4Plot2D_Muhamad Naufal Zaky-136.png, id=363, 406.51875pt x 271.0125pt>
File: images/EMT4Plot2D_Muhamad Naufal Zaky-136.png Graphic file (type png)
<use images/EMT4Plot2D_Muhamad Naufal Zaky-136.png>
Package pdftex.def Info: images/EMT4Plot2D_Muhamad Naufal Zaky-136.png  used on input line 1570.
(pdftex.def)             Requested size: 313.51042pt x 209.0pt.
 [72 <./images/EMT4Plot2D_Muhamad Naufal Zaky-134.png> <./images/EMT4Plot2D_Muhamad Naufal Zaky-135.png>]
<images/EMT4Plot2D_Muhamad Naufal Zaky-137.png, id=367, 406.51875pt x 271.0125pt>
File: images/EMT4Plot2D_Muhamad Naufal Zaky-137.png Graphic file (type png)
<use images/EMT4Plot2D_Muhamad Naufal Zaky-137.png>
Package pdftex.def Info: images/EMT4Plot2D_Muhamad Naufal Zaky-137.png  used on input line 1574.
(pdftex.def)             Requested size: 313.51042pt x 209.0pt.
<images/EMT4Plot2D_Muhamad Naufal Zaky-138.png, id=368, 406.51875pt x 271.0125pt>
File: images/EMT4Plot2D_Muhamad Naufal Zaky-138.png Graphic file (type png)
<use images/EMT4Plot2D_Muhamad Naufal Zaky-138.png>
Package pdftex.def Info: images/EMT4Plot2D_Muhamad Naufal Zaky-138.png  used on input line 1583.
(pdftex.def)             Requested size: 313.51042pt x 209.0pt.
 [73 <./images/EMT4Plot2D_Muhamad Naufal Zaky-136.png> <./images/EMT4Plot2D_Muhamad Naufal Zaky-137.png>]
<images/EMT4Plot2D_Muhamad Naufal Zaky-139.png, id=373, 406.51875pt x 271.0125pt>
File: images/EMT4Plot2D_Muhamad Naufal Zaky-139.png Graphic file (type png)
<use images/EMT4Plot2D_Muhamad Naufal Zaky-139.png>
Package pdftex.def Info: images/EMT4Plot2D_Muhamad Naufal Zaky-139.png  used on input line 1587.
(pdftex.def)             Requested size: 313.51042pt x 209.0pt.
<images/EMT4Plot2D_Muhamad Naufal Zaky-140.png, id=374, 406.51875pt x 271.0125pt>
File: images/EMT4Plot2D_Muhamad Naufal Zaky-140.png Graphic file (type png)
<use images/EMT4Plot2D_Muhamad Naufal Zaky-140.png>
Package pdftex.def Info: images/EMT4Plot2D_Muhamad Naufal Zaky-140.png  used on input line 1591.
(pdftex.def)             Requested size: 313.51042pt x 209.0pt.
 [74 <./images/EMT4Plot2D_Muhamad Naufal Zaky-138.png> <./images/EMT4Plot2D_Muhamad Naufal Zaky-139.png>]
<images/EMT4Plot2D_Muhamad Naufal Zaky-141.png, id=378, 406.51875pt x 271.0125pt>
File: images/EMT4Plot2D_Muhamad Naufal Zaky-141.png Graphic file (type png)
<use images/EMT4Plot2D_Muhamad Naufal Zaky-141.png>
Package pdftex.def Info: images/EMT4Plot2D_Muhamad Naufal Zaky-141.png  used on input line 1596.
(pdftex.def)             Requested size: 313.51042pt x 209.0pt.
<images/EMT4Plot2D_Muhamad Naufal Zaky-142.png, id=379, 406.51875pt x 271.0125pt>
File: images/EMT4Plot2D_Muhamad Naufal Zaky-142.png Graphic file (type png)
<use images/EMT4Plot2D_Muhamad Naufal Zaky-142.png>
Package pdftex.def Info: images/EMT4Plot2D_Muhamad Naufal Zaky-142.png  used on input line 1600.
(pdftex.def)             Requested size: 313.51042pt x 209.0pt.
 [75 <./images/EMT4Plot2D_Muhamad Naufal Zaky-140.png> <./images/EMT4Plot2D_Muhamad Naufal Zaky-141.png>]
<images/EMT4Plot2D_Muhamad Naufal Zaky-143.png, id=383, 406.51875pt x 271.0125pt>
File: images/EMT4Plot2D_Muhamad Naufal Zaky-143.png Graphic file (type png)
<use images/EMT4Plot2D_Muhamad Naufal Zaky-143.png>
Package pdftex.def Info: images/EMT4Plot2D_Muhamad Naufal Zaky-143.png  used on input line 1604.
(pdftex.def)             Requested size: 313.51042pt x 209.0pt.
<images/EMT4Plot2D_Muhamad Naufal Zaky-144.png, id=384, 406.51875pt x 271.0125pt>
File: images/EMT4Plot2D_Muhamad Naufal Zaky-144.png Graphic file (type png)
<use images/EMT4Plot2D_Muhamad Naufal Zaky-144.png>
Package pdftex.def Info: images/EMT4Plot2D_Muhamad Naufal Zaky-144.png  used on input line 1608.
(pdftex.def)             Requested size: 313.51042pt x 209.0pt.
 [76 <./images/EMT4Plot2D_Muhamad Naufal Zaky-142.png> <./images/EMT4Plot2D_Muhamad Naufal Zaky-143.png>]
<images/EMT4Plot2D_Muhamad Naufal Zaky-146.png, id=388, 406.51875pt x 271.0125pt>
File: images/EMT4Plot2D_Muhamad Naufal Zaky-146.png Graphic file (type png)
<use images/EMT4Plot2D_Muhamad Naufal Zaky-146.png>
Package pdftex.def Info: images/EMT4Plot2D_Muhamad Naufal Zaky-146.png  used on input line 1628.
(pdftex.def)             Requested size: 313.51042pt x 209.0pt.
<images/EMT4Plot2D_Muhamad Naufal Zaky-147.png, id=389, 406.51875pt x 271.0125pt>
File: images/EMT4Plot2D_Muhamad Naufal Zaky-147.png Graphic file (type png)
<use images/EMT4Plot2D_Muhamad Naufal Zaky-147.png>
Package pdftex.def Info: images/EMT4Plot2D_Muhamad Naufal Zaky-147.png  used on input line 1639.
(pdftex.def)             Requested size: 313.51042pt x 209.0pt.
 [77 <./images/EMT4Plot2D_Muhamad Naufal Zaky-144.png> <./images/EMT4Plot2D_Muhamad Naufal Zaky-146.png>]
<images/EMT4Plot2D_Muhamad Naufal Zaky-148.png, id=393, 406.51875pt x 271.0125pt>
File: images/EMT4Plot2D_Muhamad Naufal Zaky-148.png Graphic file (type png)
<use images/EMT4Plot2D_Muhamad Naufal Zaky-148.png>
Package pdftex.def Info: images/EMT4Plot2D_Muhamad Naufal Zaky-148.png  used on input line 1643.
(pdftex.def)             Requested size: 313.51042pt x 209.0pt.
<images/EMT4Plot2D_Muhamad Naufal Zaky-149.png, id=394, 406.51875pt x 271.0125pt>
File: images/EMT4Plot2D_Muhamad Naufal Zaky-149.png Graphic file (type png)
<use images/EMT4Plot2D_Muhamad Naufal Zaky-149.png>
Package pdftex.def Info: images/EMT4Plot2D_Muhamad Naufal Zaky-149.png  used on input line 1647.
(pdftex.def)             Requested size: 313.51042pt x 209.0pt.
 [78 <./images/EMT4Plot2D_Muhamad Naufal Zaky-147.png> <./images/EMT4Plot2D_Muhamad Naufal Zaky-148.png>]
<images/EMT4Plot2D_Muhamad Naufal Zaky-150.png, id=398, 406.51875pt x 271.0125pt>
File: images/EMT4Plot2D_Muhamad Naufal Zaky-150.png Graphic file (type png)
<use images/EMT4Plot2D_Muhamad Naufal Zaky-150.png>
Package pdftex.def Info: images/EMT4Plot2D_Muhamad Naufal Zaky-150.png  used on input line 1651.
(pdftex.def)             Requested size: 313.51042pt x 209.0pt.
<images/EMT4Plot2D_Muhamad Naufal Zaky-152.png, id=399, 406.51875pt x 271.0125pt>
File: images/EMT4Plot2D_Muhamad Naufal Zaky-152.png Graphic file (type png)
<use images/EMT4Plot2D_Muhamad Naufal Zaky-152.png>
Package pdftex.def Info: images/EMT4Plot2D_Muhamad Naufal Zaky-152.png  used on input line 1669.
(pdftex.def)             Requested size: 313.51042pt x 209.0pt.
 [79 <./images/EMT4Plot2D_Muhamad Naufal Zaky-149.png> <./images/EMT4Plot2D_Muhamad Naufal Zaky-150.png>]
<images/EMT4Plot2D_Muhamad Naufal Zaky-154.png, id=404, 406.51875pt x 271.0125pt>
File: images/EMT4Plot2D_Muhamad Naufal Zaky-154.png Graphic file (type png)
<use images/EMT4Plot2D_Muhamad Naufal Zaky-154.png>
Package pdftex.def Info: images/EMT4Plot2D_Muhamad Naufal Zaky-154.png  used on input line 1683.
(pdftex.def)             Requested size: 313.51042pt x 209.0pt.
 [80 <./images/EMT4Plot2D_Muhamad Naufal Zaky-152.png> <./images/EMT4Plot2D_Muhamad Naufal Zaky-154.png>]
<images/EMT4Plot2D_Muhamad Naufal Zaky-155.png, id=408, 420.06938pt x 420.06938pt>
File: images/EMT4Plot2D_Muhamad Naufal Zaky-155.png Graphic file (type png)
<use images/EMT4Plot2D_Muhamad Naufal Zaky-155.png>
Package pdftex.def Info: images/EMT4Plot2D_Muhamad Naufal Zaky-155.png  used on input line 1720.
(pdftex.def)             Requested size: 329.99876pt x 330.0pt.
 [81 <./images/EMT4Plot2D_Muhamad Naufal Zaky-155.png>]
<images/EMT4Plot2D_Muhamad Naufal Zaky-156.png, id=412, 406.51875pt x 271.0125pt>
File: images/EMT4Plot2D_Muhamad Naufal Zaky-156.png Graphic file (type png)
<use images/EMT4Plot2D_Muhamad Naufal Zaky-156.png>
Package pdftex.def Info: images/EMT4Plot2D_Muhamad Naufal Zaky-156.png  used on input line 1753.
(pdftex.def)             Requested size: 313.51042pt x 209.0pt.
 [82 <./images/EMT4Plot2D_Muhamad Naufal Zaky-156.png>]
<images/EMT4Plot2D_Muhamad Naufal Zaky-157.png, id=416, 406.51875pt x 271.0125pt>
File: images/EMT4Plot2D_Muhamad Naufal Zaky-157.png Graphic file (type png)
<use images/EMT4Plot2D_Muhamad Naufal Zaky-157.png>
Package pdftex.def Info: images/EMT4Plot2D_Muhamad Naufal Zaky-157.png  used on input line 1802.
(pdftex.def)             Requested size: 313.51042pt x 209.0pt.
<images/EMT4Plot2D_Muhamad Naufal Zaky-158.png, id=417, 406.51875pt x 271.0125pt>
File: images/EMT4Plot2D_Muhamad Naufal Zaky-158.png Graphic file (type png)
<use images/EMT4Plot2D_Muhamad Naufal Zaky-158.png>
Package pdftex.def Info: images/EMT4Plot2D_Muhamad Naufal Zaky-158.png  used on input line 1806.
(pdftex.def)             Requested size: 313.51042pt x 209.0pt.
 [83 <./images/EMT4Plot2D_Muhamad Naufal Zaky-157.png>]
<images/EMT4Plot2D_Muhamad Naufal Zaky-159.png, id=421, 406.51875pt x 271.0125pt>
File: images/EMT4Plot2D_Muhamad Naufal Zaky-159.png Graphic file (type png)
<use images/EMT4Plot2D_Muhamad Naufal Zaky-159.png>
Package pdftex.def Info: images/EMT4Plot2D_Muhamad Naufal Zaky-159.png  used on input line 1810.
(pdftex.def)             Requested size: 313.51042pt x 209.0pt.
<images/EMT4Plot2D_Muhamad Naufal Zaky-160.png, id=422, 406.51875pt x 271.0125pt>
File: images/EMT4Plot2D_Muhamad Naufal Zaky-160.png Graphic file (type png)
<use images/EMT4Plot2D_Muhamad Naufal Zaky-160.png>
Package pdftex.def Info: images/EMT4Plot2D_Muhamad Naufal Zaky-160.png  used on input line 1814.
(pdftex.def)             Requested size: 313.51042pt x 209.0pt.
 [84 <./images/EMT4Plot2D_Muhamad Naufal Zaky-158.png> <./images/EMT4Plot2D_Muhamad Naufal Zaky-159.png>]
<images/EMT4Plot2D_Muhamad Naufal Zaky-161.png, id=426, 406.51875pt x 271.0125pt>
File: images/EMT4Plot2D_Muhamad Naufal Zaky-161.png Graphic file (type png)
<use images/EMT4Plot2D_Muhamad Naufal Zaky-161.png>
Package pdftex.def Info: images/EMT4Plot2D_Muhamad Naufal Zaky-161.png  used on input line 1818.
(pdftex.def)             Requested size: 313.51042pt x 209.0pt.
<images/EMT4Plot2D_Muhamad Naufal Zaky-162.png, id=427, 406.51875pt x 271.0125pt>
File: images/EMT4Plot2D_Muhamad Naufal Zaky-162.png Graphic file (type png)
<use images/EMT4Plot2D_Muhamad Naufal Zaky-162.png>
Package pdftex.def Info: images/EMT4Plot2D_Muhamad Naufal Zaky-162.png  used on input line 1826.
(pdftex.def)             Requested size: 313.51042pt x 209.0pt.
 [85 <./images/EMT4Plot2D_Muhamad Naufal Zaky-160.png> <./images/EMT4Plot2D_Muhamad Naufal Zaky-161.png>]
<images/EMT4Plot2D_Muhamad Naufal Zaky-163.png, id=432, 420.06938pt x 420.06938pt>
File: images/EMT4Plot2D_Muhamad Naufal Zaky-163.png Graphic file (type png)
<use images/EMT4Plot2D_Muhamad Naufal Zaky-163.png>
Package pdftex.def Info: images/EMT4Plot2D_Muhamad Naufal Zaky-163.png  used on input line 1842.
(pdftex.def)             Requested size: 329.99876pt x 330.0pt.
 [86 <./images/EMT4Plot2D_Muhamad Naufal Zaky-162.png> <./images/EMT4Plot2D_Muhamad Naufal Zaky-163.png>]
<images/EMT4Plot2D_Muhamad Naufal Zaky-164.png, id=436, 420.06938pt x 420.06938pt>
File: images/EMT4Plot2D_Muhamad Naufal Zaky-164.png Graphic file (type png)
<use images/EMT4Plot2D_Muhamad Naufal Zaky-164.png>
Package pdftex.def Info: images/EMT4Plot2D_Muhamad Naufal Zaky-164.png  used on input line 1846.
(pdftex.def)             Requested size: 329.99876pt x 330.0pt.
<images/EMT4Plot2D_Muhamad Naufal Zaky-165.png, id=437, 420.06938pt x 420.06938pt>
File: images/EMT4Plot2D_Muhamad Naufal Zaky-165.png Graphic file (type png)
<use images/EMT4Plot2D_Muhamad Naufal Zaky-165.png>
Package pdftex.def Info: images/EMT4Plot2D_Muhamad Naufal Zaky-165.png  used on input line 1850.
(pdftex.def)             Requested size: 329.99876pt x 330.0pt.
 [87 <./images/EMT4Plot2D_Muhamad Naufal Zaky-164.png>]
Overfull \hbox (68.30316pt too wide) in paragraph at lines 1870--1870
[]\T1/pcr/m/n/10 >plot2d([&f(x),&g(x)],0,10,color=[red,blue]): // menggambar plot2d dari fungsi f(x) dan g(x)[] 
 []

<images/EMT4Plot2D_Muhamad Naufal Zaky-166.png, id=441, 420.06938pt x 420.06938pt>
File: images/EMT4Plot2D_Muhamad Naufal Zaky-166.png Graphic file (type png)
<use images/EMT4Plot2D_Muhamad Naufal Zaky-166.png>
Package pdftex.def Info: images/EMT4Plot2D_Muhamad Naufal Zaky-166.png  used on input line 1872.
(pdftex.def)             Requested size: 329.99876pt x 330.0pt.
[88 <./images/EMT4Plot2D_Muhamad Naufal Zaky-165.png>]
d:/Aplikasi Komputer/Pertemuan Pekan 5-6/EMT4Plot2D_Muhamad Naufal Zaky.tex:1879: Undefined control sequence.
\euleroutput ...psep =0pt\begin {alltt}\ttfamiliy 
                                                  \ignorespaces 
l.1879 \begin{euleroutput}
                          
The control sequence at the end of the top line
of your error message was never \def'ed. If you have
misspelled it (e.g., `\hobx'), type `I' and the correct
spelling (e.g., `I\hbox'). Otherwise just continue,
and I'll forget about whatever was undefined.

d:/Aplikasi Komputer/Pertemuan Pekan 5-6/EMT4Plot2D_Muhamad Naufal Zaky.tex:1885: Undefined control sequence.
\euleroutput ...psep =0pt\begin {alltt}\ttfamiliy 
                                                  \ignorespaces 
l.1885 \begin{euleroutput}
                          
The control sequence at the end of the top line
of your error message was never \def'ed. If you have
misspelled it (e.g., `\hobx'), type `I' and the correct
spelling (e.g., `I\hbox'). Otherwise just continue,
and I'll forget about whatever was undefined.

d:/Aplikasi Komputer/Pertemuan Pekan 5-6/EMT4Plot2D_Muhamad Naufal Zaky.tex:1891: Undefined control sequence.
\euleroutput ...psep =0pt\begin {alltt}\ttfamiliy 
                                                  \ignorespaces 
l.1891 \begin{euleroutput}
                          
The control sequence at the end of the top line
of your error message was never \def'ed. If you have
misspelled it (e.g., `\hobx'), type `I' and the correct
spelling (e.g., `I\hbox'). Otherwise just continue,
and I'll forget about whatever was undefined.

d:/Aplikasi Komputer/Pertemuan Pekan 5-6/EMT4Plot2D_Muhamad Naufal Zaky.tex:1900: Undefined control sequence.
\euleroutput ...psep =0pt\begin {alltt}\ttfamiliy 
                                                  \ignorespaces 
l.1900 \begin{euleroutput}
                          
The control sequence at the end of the top line
of your error message was never \def'ed. If you have
misspelled it (e.g., `\hobx'), type `I' and the correct
spelling (e.g., `I\hbox'). Otherwise just continue,
and I'll forget about whatever was undefined.

d:/Aplikasi Komputer/Pertemuan Pekan 5-6/EMT4Plot2D_Muhamad Naufal Zaky.tex:1906: Undefined control sequence.
\euleroutput ...psep =0pt\begin {alltt}\ttfamiliy 
                                                  \ignorespaces 
l.1906 \begin{euleroutput}
                          
The control sequence at the end of the top line
of your error message was never \def'ed. If you have
misspelled it (e.g., `\hobx'), type `I' and the correct
spelling (e.g., `I\hbox'). Otherwise just continue,
and I'll forget about whatever was undefined.

[89 <./images/EMT4Plot2D_Muhamad Naufal Zaky-166.png>]
d:/Aplikasi Komputer/Pertemuan Pekan 5-6/EMT4Plot2D_Muhamad Naufal Zaky.tex:1912: Undefined control sequence.
\euleroutput ...psep =0pt\begin {alltt}\ttfamiliy 
                                                  \ignorespaces 
l.1912 \begin{euleroutput}
                          
The control sequence at the end of the top line
of your error message was never \def'ed. If you have
misspelled it (e.g., `\hobx'), type `I' and the correct
spelling (e.g., `I\hbox'). Otherwise just continue,
and I'll forget about whatever was undefined.

<images/EMT4Plot2D_Muhamad Naufal Zaky-171.png, id=448, 420.06938pt x 420.06938pt>
File: images/EMT4Plot2D_Muhamad Naufal Zaky-171.png Graphic file (type png)
<use images/EMT4Plot2D_Muhamad Naufal Zaky-171.png>
Package pdftex.def Info: images/EMT4Plot2D_Muhamad Naufal Zaky-171.png  used on input line 1978.
(pdftex.def)             Requested size: 329.99876pt x 330.0pt.
[90]
d:/Aplikasi Komputer/Pertemuan Pekan 5-6/EMT4Plot2D_Muhamad Naufal Zaky.tex:1986: Undefined control sequence.
\euleroutput ...psep =0pt\begin {alltt}\ttfamiliy 
                                                  \ignorespaces 
l.1986 \begin{euleroutput}
                          
The control sequence at the end of the top line
of your error message was never \def'ed. If you have
misspelled it (e.g., `\hobx'), type `I' and the correct
spelling (e.g., `I\hbox'). Otherwise just continue,
and I'll forget about whatever was undefined.

<images/EMT4Plot2D_Muhamad Naufal Zaky-172.png, id=452, 420.06938pt x 420.06938pt>
File: images/EMT4Plot2D_Muhamad Naufal Zaky-172.png Graphic file (type png)
<use images/EMT4Plot2D_Muhamad Naufal Zaky-172.png>
Package pdftex.def Info: images/EMT4Plot2D_Muhamad Naufal Zaky-172.png  used on input line 2000.
(pdftex.def)             Requested size: 329.99876pt x 330.0pt.
[91 <./images/EMT4Plot2D_Muhamad Naufal Zaky-171.png>] [92 <./images/EMT4Plot2D_Muhamad Naufal Zaky-172.png>] [93] [94]
d:/Aplikasi Komputer/Pertemuan Pekan 5-6/EMT4Plot2D_Muhamad Naufal Zaky.tex:2202: Illegal unit of measure (pt inserted).
<to be read again> 
                   \relax 
l.2202 [-2,2]
              should be used. The y-range will be computed automatically,\\
Dimensions can be in units of em, ex, in, pt, pc,
cm, mm, dd, cc, nd, nc, bp, or sp; but yours is a new one!
I'll assume that you meant to say pt, for printer's points.
To recover gracefully from this error, it's best to
delete the erroneous units; e.g., type `2' to delete
two letters. (See Chapter 27 of The TeXbook.)

d:/Aplikasi Komputer/Pertemuan Pekan 5-6/EMT4Plot2D_Muhamad Naufal Zaky.tex:2204: Missing number, treated as zero.
<to be read again> 
                   r
l.2204 [-r,r]
              for x and y. For plots of functions, plot2d will use an\\
A number should have been here; I inserted `0'.
(If you can't figure out why I needed to see a number,
look up `weird error' in the index to The TeXbook.)

d:/Aplikasi Komputer/Pertemuan Pekan 5-6/EMT4Plot2D_Muhamad Naufal Zaky.tex:2204: Illegal unit of measure (pt inserted).
<to be read again> 
                   r
l.2204 [-r,r]
              for x and y. For plots of functions, plot2d will use an\\
Dimensions can be in units of em, ex, in, pt, pc,
cm, mm, dd, cc, nd, nc, bp, or sp; but yours is a new one!
I'll assume that you meant to say pt, for printer's points.
To recover gracefully from this error, it's best to
delete the erroneous units; e.g., type `2' to delete
two letters. (See Chapter 27 of The TeXbook.)


d:/Aplikasi Komputer/Pertemuan Pekan 5-6/EMT4Plot2D_Muhamad Naufal Zaky.tex:2219: LaTeX Error: \begin{eulercomment} on input line 127 ended by \end{eulernotebook}.

See the LaTeX manual or LaTeX Companion for explanation.
Type  H <return>  for immediate help.
 ...                                              
                                                  
l.2219 \end{eulernotebook}
                          
Your command was ignored.
Type  I <command> <return>  to replace it with another command,
or  <return>  to continue without it.


d:/Aplikasi Komputer/Pertemuan Pekan 5-6/EMT4Plot2D_Muhamad Naufal Zaky.tex:2220: LaTeX Error: \begin{eulercomment} on input line 107 ended by \end{document}.

See the LaTeX manual or LaTeX Companion for explanation.
Type  H <return>  for immediate help.
 ...                                              
                                                  
l.2220 \end{document}
                     
Your command was ignored.
Type  I <command> <return>  to replace it with another command,
or  <return>  to continue without it.

[95] (EMT4Plot2D_Muhamad Naufal Zaky.aux)
 ***********
LaTeX2e <2023-11-01>
L3 programming layer <2023-11-09>
 ***********
 )
(\end occurred inside a group at level 4)

### semi simple group (level 4) entered at line 107 (\begingroup)
### semi simple group (level 3) entered at line 105 (\begingroup)
### semi simple group (level 2) entered at line 102 (\begingroup)
### semi simple group (level 1) entered at line 6 (\begingroup)
### bottom level 
Here is how much of TeX's memory you used:
 4460 strings out of 474587
 108030 string characters out of 5755519
 1939558 words of memory out of 5000000
 26590 multiletter control sequences out of 15000+600000
 567182 words of font info for 55 fonts, out of 8000000 for 9000
 1141 hyphenation exceptions out of 8191
 72i,6n,79p,291b,422s stack positions out of 10000i,1000n,20000p,200000b,200000s
<C:/Program Files/MiKTeX/fonts/type1/public/amsfonts/cm/cmex10.pfb><C:/Program Files/MiKTeX/fonts/type1/public/amsfonts/cm/cmmi10.pfb><C:/Program Files/MiKTeX/fonts/type1/public/amsfonts/cm/cmmi7.pfb><C:/Program Files/MiKTeX/fonts/type1/public/amsfonts/cm/cmr10.pfb><C:/Program Files/MiKTeX/fonts/type1/public/amsfonts/cm/cmr7.pfb><C:/Program Files/MiKTeX/fonts/type1/public/amsfonts/cm/cmsy10.pfb><C:/Program Files/MiKTeX/fonts/type1/public/amsfonts/cm/cmsy7.pfb><C:/Program Files/MiKTeX/fonts/type1/urw/courier/ucrr8a.pfb><C:/Program Files/MiKTeX/fonts/type1/urw/palatino/uplb8a.pfb><C:/Program Files/MiKTeX/fonts/type1/urw/palatino/uplr8a.pfb>
Output written on "EMT4Plot2D_Muhamad Naufal Zaky.pdf" (95 pages, 2831714 bytes).
PDF statistics:
 515 PDF objects out of 1000 (max. 8388607)
 0 named destinations out of 1000 (max. 500000)
 786 words of extra memory for PDF output out of 10000 (max. 10000000)

