This is pdfTeX, Version 3.141592653-2.6-1.40.25 (MiKTeX 23.10.12) (preloaded format=pdflatex 2023.11.30)  1 DEC 2023 22:26
entering extended mode
 restricted \write18 enabled.
 file:line:error style messages enabled.
 %&-line parsing enabled.
**"d:/Aplikasi Komputer/Pertemuan Pekan 7-8/EMT4Plot3D_Muhamad Naufal Zaky.tex"
(d:/Aplikasi Komputer/Pertemuan Pekan 7-8/EMT4Plot3D_Muhamad Naufal Zaky.tex
LaTeX2e <2023-11-01>
L3 programming layer <2023-11-09>
(C:\Program Files\MiKTeX\tex/latex/base\article.cls
Document Class: article 2023/05/17 v1.4n Standard LaTeX document class
(C:\Program Files\MiKTeX\tex/latex/base\size10.clo
File: size10.clo 2023/05/17 v1.4n Standard LaTeX file (size option)
)
\c@part=\count186
\c@section=\count187
\c@subsection=\count188
\c@subsubsection=\count189
\c@paragraph=\count190
\c@subparagraph=\count191
\c@figure=\count192
\c@table=\count193
\abovecaptionskip=\skip48
\belowcaptionskip=\skip49
\bibindent=\dimen140
) (eumat.sty (C:\Program Files\MiKTeX\tex/latex/psnfss\helvet.sty
Package: helvet 2020/03/25 PSNFSS-v9.3 (WaS) 
 (C:\Program Files\MiKTeX\tex/latex/graphics\keyval.sty
Package: keyval 2022/05/29 v1.15 key=value parser (DPC)
\KV@toks@=\toks17
)) (C:\Program Files\MiKTeX\tex/latex/psnfss\courier.sty
Package: courier 2020/03/25 PSNFSS-v9.3 (WaS) 
)
LaTeX Font Info:    Trying to load font information for OT1+ppl on input line 13.
 (C:\Program Files\MiKTeX\tex/latex/psnfss\ot1ppl.fd
File: ot1ppl.fd 2001/06/04 font definitions for OT1/ppl.
) (C:\Program Files\MiKTeX\tex/latex/base\fontenc.sty
Package: fontenc 2021/04/29 v2.0v Standard LaTeX package
LaTeX Font Info:    Trying to load font information for T1+ppl on input line 112.
 (C:\Program Files\MiKTeX\tex/latex/psnfss\t1ppl.fd
File: t1ppl.fd 2001/06/04 font definitions for T1/ppl.
)) (C:\Program Files\MiKTeX\tex/latex/graphics\color.sty
Package: color 2022/01/06 v1.3d Standard LaTeX Color (DPC)
 (C:\Program Files\MiKTeX\tex/latex/graphics-cfg\color.cfg
File: color.cfg 2016/01/02 v1.6 sample color configuration
)
Package color Info: Driver file: pdftex.def on input line 149.
 (C:\Program Files\MiKTeX\tex/latex/graphics-def\pdftex.def
File: pdftex.def 2022/09/22 v1.2b Graphics/color driver for pdftex
) (C:\Program Files\MiKTeX\tex/latex/graphics\mathcolor.ltx)) (C:\Program Files\MiKTeX\tex/latex/graphics\graphicx.sty
Package: graphicx 2021/09/16 v1.2d Enhanced LaTeX Graphics (DPC,SPQR)
 (C:\Program Files\MiKTeX\tex/latex/graphics\graphics.sty
Package: graphics 2022/03/10 v1.4e Standard LaTeX Graphics (DPC,SPQR)
 (C:\Program Files\MiKTeX\tex/latex/graphics\trig.sty
Package: trig 2021/08/11 v1.11 sin cos tan (DPC)
) (C:\Program Files\MiKTeX\tex/latex/graphics-cfg\graphics.cfg
File: graphics.cfg 2016/06/04 v1.11 sample graphics configuration
)
Package graphics Info: Driver file: pdftex.def on input line 107.
)
\Gin@req@height=\dimen141
\Gin@req@width=\dimen142
) (C:\Program Files\MiKTeX\tex/latex/grffile\grffile.sty
Package: grffile 2019/11/11 v2.1 Extended file name support for graphics (legacy)
Package grffile Info: This package is an empty stub for compatibility on input line 40.
) (C:\Program Files\MiKTeX\tex/latex/tools\enumerate.sty
Package: enumerate 2023/07/04 v3.00 enumerate extensions (DPC)
\@enLab=\toks18
) (C:\Program Files\MiKTeX\tex/latex/tools\array.sty
Package: array 2023/10/16 v2.5g Tabular extension package (FMi)
\col@sep=\dimen143
\ar@mcellbox=\box51
\extrarowheight=\dimen144
\NC@list=\toks19
\extratabsurround=\skip50
\backup@length=\skip51
\ar@cellbox=\box52
) (C:\Program Files\MiKTeX\tex/latex/amsmath\amsmath.sty
Package: amsmath 2023/05/13 v2.17o AMS math features
\@mathmargin=\skip52

For additional information on amsmath, use the `?' option.
(C:\Program Files\MiKTeX\tex/latex/amsmath\amstext.sty
Package: amstext 2021/08/26 v2.01 AMS text
 (C:\Program Files\MiKTeX\tex/latex/amsmath\amsgen.sty
File: amsgen.sty 1999/11/30 v2.0 generic functions
\@emptytoks=\toks20
\ex@=\dimen145
)) (C:\Program Files\MiKTeX\tex/latex/amsmath\amsbsy.sty
Package: amsbsy 1999/11/29 v1.2d Bold Symbols
\pmbraise@=\dimen146
) (C:\Program Files\MiKTeX\tex/latex/amsmath\amsopn.sty
Package: amsopn 2022/04/08 v2.04 operator names
)
\inf@bad=\count194
LaTeX Info: Redefining \frac on input line 234.
\uproot@=\count195
\leftroot@=\count196
LaTeX Info: Redefining \overline on input line 399.
LaTeX Info: Redefining \colon on input line 410.
\classnum@=\count197
\DOTSCASE@=\count198
LaTeX Info: Redefining \ldots on input line 496.
LaTeX Info: Redefining \dots on input line 499.
LaTeX Info: Redefining \cdots on input line 620.
\Mathstrutbox@=\box53
\strutbox@=\box54
LaTeX Info: Redefining \big on input line 722.
LaTeX Info: Redefining \Big on input line 723.
LaTeX Info: Redefining \bigg on input line 724.
LaTeX Info: Redefining \Bigg on input line 725.
\big@size=\dimen147
LaTeX Font Info:    Redeclaring font encoding OML on input line 743.
LaTeX Font Info:    Redeclaring font encoding OMS on input line 744.
\macc@depth=\count199
LaTeX Info: Redefining \bmod on input line 905.
LaTeX Info: Redefining \pmod on input line 910.
LaTeX Info: Redefining \smash on input line 940.
LaTeX Info: Redefining \relbar on input line 970.
LaTeX Info: Redefining \Relbar on input line 971.
\c@MaxMatrixCols=\count266
\dotsspace@=\muskip16
\c@parentequation=\count267
\dspbrk@lvl=\count268
\tag@help=\toks21
\row@=\count269
\column@=\count270
\maxfields@=\count271
\andhelp@=\toks22
\eqnshift@=\dimen148
\alignsep@=\dimen149
\tagshift@=\dimen150
\tagwidth@=\dimen151
\totwidth@=\dimen152
\lineht@=\dimen153
\@envbody=\toks23
\multlinegap=\skip53
\multlinetaggap=\skip54
\mathdisplay@stack=\toks24
LaTeX Info: Redefining \[ on input line 2953.
LaTeX Info: Redefining \] on input line 2954.
) (C:\Program Files\MiKTeX\tex/latex/amsfonts\amsfonts.sty
Package: amsfonts 2013/01/14 v3.01 Basic AMSFonts support
\symAMSa=\mathgroup4
\symAMSb=\mathgroup5
LaTeX Font Info:    Redeclaring math symbol \hbar on input line 98.
LaTeX Font Info:    Overwriting math alphabet `\mathfrak' in version `bold'
(Font)                  U/euf/m/n --> U/euf/b/n on input line 106.
) (C:\Program Files\MiKTeX\tex/latex/base\alltt.sty
Package: alltt 2021/01/29 v2.0g defines alltt environment
) (C:\Program Files\MiKTeX\tex/latex/framed\framed.sty
Package: framed 2011/10/22 v 0.96: framed or shaded text with page breaks
\OuterFrameSep=\skip55
\fb@frw=\dimen154
\fb@frh=\dimen155
\FrameRule=\dimen156
\FrameSep=\dimen157
) (C:\Program Files\MiKTeX\tex/latex/geometry\geometry.sty
Package: geometry 2020/01/02 v5.9 Page Geometry
 (C:\Program Files\MiKTeX\tex/generic/iftex\ifvtex.sty
Package: ifvtex 2019/10/25 v1.7 ifvtex legacy package. Use iftex instead.
 (C:\Program Files\MiKTeX\tex/generic/iftex\iftex.sty
Package: iftex 2022/02/03 v1.0f TeX engine tests
))
\Gm@cnth=\count272
\Gm@cntv=\count273
\c@Gm@tempcnt=\count274
\Gm@bindingoffset=\dimen158
\Gm@wd@mp=\dimen159
\Gm@odd@mp=\dimen160
\Gm@even@mp=\dimen161
\Gm@layoutwidth=\dimen162
\Gm@layoutheight=\dimen163
\Gm@layouthoffset=\dimen164
\Gm@layoutvoffset=\dimen165
\Gm@dimlist=\toks25
 (C:\Program Files\MiKTeX\tex/latex/geometry\geometry.cfg))
Package color Info: Redefining color red on input line 30.
Package color Info: Redefining color green on input line 31.
Package color Info: Redefining color black on input line 32.
Package color Info: Redefining color blue on input line 33.
\eulerline=\skip56
) (C:\Program Files\MiKTeX\tex/latex/l3backend\l3backend-pdftex.def
File: l3backend-pdftex.def 2023-11-09 L3 backend support: PDF output (pdfTeX)
\l__color_backend_stack_int=\count275
\l__pdf_internal_box=\box55
) (EMT4Plot3D_Muhamad Naufal Zaky.aux)
\openout1 = `"EMT4Plot3D_Muhamad Naufal Zaky.aux"'.

LaTeX Font Info:    Checking defaults for OML/cmm/m/it on input line 5.
LaTeX Font Info:    ... okay on input line 5.
LaTeX Font Info:    Checking defaults for OMS/cmsy/m/n on input line 5.
LaTeX Font Info:    ... okay on input line 5.
LaTeX Font Info:    Checking defaults for OT1/cmr/m/n on input line 5.
LaTeX Font Info:    ... okay on input line 5.
LaTeX Font Info:    Checking defaults for T1/cmr/m/n on input line 5.
LaTeX Font Info:    ... okay on input line 5.
LaTeX Font Info:    Checking defaults for TS1/cmr/m/n on input line 5.
LaTeX Font Info:    ... okay on input line 5.
LaTeX Font Info:    Checking defaults for OMX/cmex/m/n on input line 5.
LaTeX Font Info:    ... okay on input line 5.
LaTeX Font Info:    Checking defaults for U/cmr/m/n on input line 5.
LaTeX Font Info:    ... okay on input line 5.
 (C:\Program Files\MiKTeX\tex/context/base/mkii\supp-pdf.mkii
[Loading MPS to PDF converter (version 2006.09.02).]
\scratchcounter=\count276
\scratchdimen=\dimen166
\scratchbox=\box56
\nofMPsegments=\count277
\nofMParguments=\count278
\everyMPshowfont=\toks26
\MPscratchCnt=\count279
\MPscratchDim=\dimen167
\MPnumerator=\count280
\makeMPintoPDFobject=\count281
\everyMPtoPDFconversion=\toks27
) (C:\Program Files\MiKTeX\tex/latex/epstopdf-pkg\epstopdf-base.sty
Package: epstopdf-base 2020-01-24 v2.11 Base part for package epstopdf
Package epstopdf-base Info: Redefining graphics rule for `.eps' on input line 485.
 (C:\Program Files\MiKTeX\tex/latex/00miktex\epstopdf-sys.cfg
File: epstopdf-sys.cfg 2021/03/18 v2.0 Configuration of epstopdf for MiKTeX
))
*geometry* driver: auto-detecting
*geometry* detected driver: pdftex
*geometry* verbose mode - [ preamble ] result:
* driver: pdftex
* paper: custom
* layout: <same size as paper>
* layoutoffset:(h,v)=(0.0pt,0.0pt)
* modes: 
* h-part:(L,W,R)=(89.62709pt, 418.25368pt, 89.6271pt)
* v-part:(T,H,B)=(100.72379pt, 587.54683pt, 151.08568pt)
* \paperwidth=597.50787pt
* \paperheight=839.3563pt
* \textwidth=483.69684pt
* \textheight=711.3189pt
* \oddsidemargin=-14.22636pt
* \evensidemargin=-14.22636pt
* \topmargin=0.0pt
* \headheight=12.0pt
* \headsep=0.0pt
* \topskip=10.0pt
* \footskip=30.0pt
* \marginparwidth=65.0pt
* \marginparsep=11.0pt
* \columnsep=10.0pt
* \skip\footins=9.0pt plus 4.0pt minus 2.0pt
* \hoffset=0.0pt
* \voffset=-28.45274pt
* \mag=1000
* \@twocolumnfalse
* \@twosidefalse
* \@mparswitchfalse
* \@reversemarginfalse
* (1in=72.27pt=25.4mm, 1cm=28.453pt)

LaTeX Font Info:    Trying to load font information for TS1+ppl on input line 15.
(C:\Program Files\MiKTeX\tex/latex/psnfss\ts1ppl.fd
File: ts1ppl.fd 2001/06/04 font definitions for TS1/ppl.
)
LaTeX Font Info:    Trying to load font information for T1+pcr on input line 29.
 (C:\Program Files\MiKTeX\tex/latex/psnfss\t1pcr.fd
File: t1pcr.fd 2001/06/04 font definitions for T1/pcr.
)
<images/EMT4Plot3D_Muhamad Naufal Zaky-001.png, id=1, 406.51875pt x 271.0125pt>
File: images/EMT4Plot3D_Muhamad Naufal Zaky-001.png Graphic file (type png)
<use images/EMT4Plot3D_Muhamad Naufal Zaky-001.png>
Package pdftex.def Info: images/EMT4Plot3D_Muhamad Naufal Zaky-001.png  used on input line 32.
(pdftex.def)             Requested size: 313.51042pt x 209.0pt.
<images/EMT4Plot3D_Muhamad Naufal Zaky-002.png, id=2, 406.51875pt x 271.0125pt>
File: images/EMT4Plot3D_Muhamad Naufal Zaky-002.png Graphic file (type png)
<use images/EMT4Plot3D_Muhamad Naufal Zaky-002.png>
Package pdftex.def Info: images/EMT4Plot3D_Muhamad Naufal Zaky-002.png  used on input line 36.
(pdftex.def)             Requested size: 313.51042pt x 209.0pt.
 [1

{C:/Users/ASUS/AppData/Local/MiKTeX/fonts/map/pdftex/pdftex.map}{C:/Program Files/MiKTeX/fonts/enc/dvips/base/8r.enc} <./images/EMT4Plot3D_Muhamad Naufal Zaky-001.png>]
Overfull \hbox (41.72742pt too wide) in paragraph at lines 38--41
[]\T1/ppl/m/n/10 Silakan lakukan mod-i-fikasi agar gam-bar "ta-lang bergelom-bang" terse-but tidak lu-rus melainkan me-lengkung/melingkar,
 []

<images/EMT4Plot3D_Muhamad Naufal Zaky-003.png, id=10, 420.06938pt x 420.06938pt>
File: images/EMT4Plot3D_Muhamad Naufal Zaky-003.png Graphic file (type png)
<use images/EMT4Plot3D_Muhamad Naufal Zaky-003.png>
Package pdftex.def Info: images/EMT4Plot3D_Muhamad Naufal Zaky-003.png  used on input line 44.
(pdftex.def)             Requested size: 329.99876pt x 330.0pt.
[2 <./images/EMT4Plot3D_Muhamad Naufal Zaky-002.png> <./images/EMT4Plot3D_Muhamad Naufal Zaky-003.png>]
<images/EMT4Plot3D_Muhamad Naufal Zaky-004.png, id=14, 420.06938pt x 420.06938pt>
File: images/EMT4Plot3D_Muhamad Naufal Zaky-004.png Graphic file (type png)
<use images/EMT4Plot3D_Muhamad Naufal Zaky-004.png>
Package pdftex.def Info: images/EMT4Plot3D_Muhamad Naufal Zaky-004.png  used on input line 48.
(pdftex.def)             Requested size: 329.99876pt x 330.0pt.
LaTeX Font Info:    Trying to load font information for TS1+pcr on input line 51.
 (C:\Program Files\MiKTeX\tex/latex/psnfss\ts1pcr.fd
File: ts1pcr.fd 2001/06/04 font definitions for TS1/pcr.
)
<images/EMT4Plot3D_Muhamad Naufal Zaky-005.png, id=15, 420.06938pt x 420.06938pt>
File: images/EMT4Plot3D_Muhamad Naufal Zaky-005.png Graphic file (type png)
<use images/EMT4Plot3D_Muhamad Naufal Zaky-005.png>
Package pdftex.def Info: images/EMT4Plot3D_Muhamad Naufal Zaky-005.png  used on input line 53.
(pdftex.def)             Requested size: 329.99876pt x 330.0pt.
 [3 <./images/EMT4Plot3D_Muhamad Naufal Zaky-004.png>]
<images/EMT4Plot3D_Muhamad Naufal Zaky-006.png, id=19, 420.06938pt x 420.06938pt>
File: images/EMT4Plot3D_Muhamad Naufal Zaky-006.png Graphic file (type png)
<use images/EMT4Plot3D_Muhamad Naufal Zaky-006.png>
Package pdftex.def Info: images/EMT4Plot3D_Muhamad Naufal Zaky-006.png  used on input line 75.
(pdftex.def)             Requested size: 329.99876pt x 330.0pt.
 [4 <./images/EMT4Plot3D_Muhamad Naufal Zaky-005.png>]
Overfull \hbox (2.59766pt too wide) in paragraph at lines 77--79
[]\T1/ppl/m/n/10 Interaksi peng-guna dimungkinkan den-gan pa-ram-e-ter >user. Peng-guna da-pat menekan tombol-tombol berikut. 
 []

<images/EMT4Plot3D_Muhamad Naufal Zaky-007.png, id=23, 420.06938pt x 420.06938pt>
File: images/EMT4Plot3D_Muhamad Naufal Zaky-007.png Graphic file (type png)
<use images/EMT4Plot3D_Muhamad Naufal Zaky-007.png>
Package pdftex.def Info: images/EMT4Plot3D_Muhamad Naufal Zaky-007.png  used on input line 91.
(pdftex.def)             Requested size: 329.99876pt x 330.0pt.
[5 <./images/EMT4Plot3D_Muhamad Naufal Zaky-006.png>]
<images/EMT4Plot3D_Muhamad Naufal Zaky-008.png, id=27, 420.06938pt x 420.06938pt>
File: images/EMT4Plot3D_Muhamad Naufal Zaky-008.png Graphic file (type png)
<use images/EMT4Plot3D_Muhamad Naufal Zaky-008.png>
Package pdftex.def Info: images/EMT4Plot3D_Muhamad Naufal Zaky-008.png  used on input line 110.
(pdftex.def)             Requested size: 329.99876pt x 330.0pt.
 [6 <./images/EMT4Plot3D_Muhamad Naufal Zaky-007.png>]
Overfull \hbox (10.3775pt too wide) in paragraph at lines 119--122
[]\T1/ppl/m/n/10 Nilai de-fault da-pat diperiksa atau di-ubah den-gan fungsi view(). Fungsi ini mengem-ba-likan parameter-parameter
 []

d:/Aplikasi Komputer/Pertemuan Pekan 7-8/EMT4Plot3D_Muhamad Naufal Zaky.tex:125: Undefined control sequence.
\euleroutput ...psep =0pt\begin {alltt}\ttfamiliy 
                                                  \ignorespaces 
l.125 \begin{euleroutput}
                         
The control sequence at the end of the top line
of your error message was never \def'ed. If you have
misspelled it (e.g., `\hobx'), type `I' and the correct
spelling (e.g., `I\hbox'). Otherwise just continue,
and I'll forget about whatever was undefined.

<images/EMT4Plot3D_Muhamad Naufal Zaky-009.png, id=31, 420.06938pt x 420.06938pt>
File: images/EMT4Plot3D_Muhamad Naufal Zaky-009.png Graphic file (type png)
<use images/EMT4Plot3D_Muhamad Naufal Zaky-009.png>
Package pdftex.def Info: images/EMT4Plot3D_Muhamad Naufal Zaky-009.png  used on input line 138.
(pdftex.def)             Requested size: 329.99876pt x 330.0pt.
[7 <./images/EMT4Plot3D_Muhamad Naufal Zaky-008.png>]
<images/EMT4Plot3D_Muhamad Naufal Zaky-010.png, id=36, 420.06938pt x 420.06938pt>
File: images/EMT4Plot3D_Muhamad Naufal Zaky-010.png Graphic file (type png)
<use images/EMT4Plot3D_Muhamad Naufal Zaky-010.png>
Package pdftex.def Info: images/EMT4Plot3D_Muhamad Naufal Zaky-010.png  used on input line 147.
(pdftex.def)             Requested size: 329.99876pt x 330.0pt.
 [8 <./images/EMT4Plot3D_Muhamad Naufal Zaky-009.png>]
<images/EMT4Plot3D_Muhamad Naufal Zaky-011.png, id=40, 420.06938pt x 420.06938pt>
File: images/EMT4Plot3D_Muhamad Naufal Zaky-011.png Graphic file (type png)
<use images/EMT4Plot3D_Muhamad Naufal Zaky-011.png>
Package pdftex.def Info: images/EMT4Plot3D_Muhamad Naufal Zaky-011.png  used on input line 162.
(pdftex.def)             Requested size: 329.99876pt x 330.0pt.
 [9 <./images/EMT4Plot3D_Muhamad Naufal Zaky-010.png>]
<images/EMT4Plot3D_Muhamad Naufal Zaky-012.png, id=44, 420.06938pt x 420.06938pt>
File: images/EMT4Plot3D_Muhamad Naufal Zaky-012.png Graphic file (type png)
<use images/EMT4Plot3D_Muhamad Naufal Zaky-012.png>
Package pdftex.def Info: images/EMT4Plot3D_Muhamad Naufal Zaky-012.png  used on input line 173.
(pdftex.def)             Requested size: 329.99876pt x 330.0pt.
 [10 <./images/EMT4Plot3D_Muhamad Naufal Zaky-011.png>]
<images/EMT4Plot3D_Muhamad Naufal Zaky-013.png, id=48, 420.06938pt x 420.06938pt>
File: images/EMT4Plot3D_Muhamad Naufal Zaky-013.png Graphic file (type png)
<use images/EMT4Plot3D_Muhamad Naufal Zaky-013.png>
Package pdftex.def Info: images/EMT4Plot3D_Muhamad Naufal Zaky-013.png  used on input line 178.
(pdftex.def)             Requested size: 329.99876pt x 330.0pt.
 [11 <./images/EMT4Plot3D_Muhamad Naufal Zaky-012.png>]
<images/EMT4Plot3D_Muhamad Naufal Zaky-014.png, id=52, 420.06938pt x 420.06938pt>
File: images/EMT4Plot3D_Muhamad Naufal Zaky-014.png Graphic file (type png)
<use images/EMT4Plot3D_Muhamad Naufal Zaky-014.png>
Package pdftex.def Info: images/EMT4Plot3D_Muhamad Naufal Zaky-014.png  used on input line 188.
(pdftex.def)             Requested size: 329.99876pt x 330.0pt.
 [12 <./images/EMT4Plot3D_Muhamad Naufal Zaky-013.png>]
<images/EMT4Plot3D_Muhamad Naufal Zaky-015.png, id=56, 420.06938pt x 420.06938pt>
File: images/EMT4Plot3D_Muhamad Naufal Zaky-015.png Graphic file (type png)
<use images/EMT4Plot3D_Muhamad Naufal Zaky-015.png>
Package pdftex.def Info: images/EMT4Plot3D_Muhamad Naufal Zaky-015.png  used on input line 192.
(pdftex.def)             Requested size: 329.99876pt x 330.0pt.
 [13 <./images/EMT4Plot3D_Muhamad Naufal Zaky-014.png>]
<images/EMT4Plot3D_Muhamad Naufal Zaky-016.png, id=61, 420.06938pt x 420.06938pt>
File: images/EMT4Plot3D_Muhamad Naufal Zaky-016.png Graphic file (type png)
<use images/EMT4Plot3D_Muhamad Naufal Zaky-016.png>
Package pdftex.def Info: images/EMT4Plot3D_Muhamad Naufal Zaky-016.png  used on input line 196.
(pdftex.def)             Requested size: 329.99876pt x 330.0pt.
 [14 <./images/EMT4Plot3D_Muhamad Naufal Zaky-015.png>]
<images/EMT4Plot3D_Muhamad Naufal Zaky-017.png, id=65, 420.06938pt x 420.06938pt>
File: images/EMT4Plot3D_Muhamad Naufal Zaky-017.png Graphic file (type png)
<use images/EMT4Plot3D_Muhamad Naufal Zaky-017.png>
Package pdftex.def Info: images/EMT4Plot3D_Muhamad Naufal Zaky-017.png  used on input line 200.
(pdftex.def)             Requested size: 329.99876pt x 330.0pt.
 [15 <./images/EMT4Plot3D_Muhamad Naufal Zaky-016.png>]
<images/EMT4Plot3D_Muhamad Naufal Zaky-018.png, id=69, 420.06938pt x 420.06938pt>
File: images/EMT4Plot3D_Muhamad Naufal Zaky-018.png Graphic file (type png)
<use images/EMT4Plot3D_Muhamad Naufal Zaky-018.png>
Package pdftex.def Info: images/EMT4Plot3D_Muhamad Naufal Zaky-018.png  used on input line 207.
(pdftex.def)             Requested size: 329.99876pt x 330.0pt.
 [16 <./images/EMT4Plot3D_Muhamad Naufal Zaky-017.png>]
<images/EMT4Plot3D_Muhamad Naufal Zaky-019.png, id=73, 420.06938pt x 420.06938pt>
File: images/EMT4Plot3D_Muhamad Naufal Zaky-019.png Graphic file (type png)
<use images/EMT4Plot3D_Muhamad Naufal Zaky-019.png>
Package pdftex.def Info: images/EMT4Plot3D_Muhamad Naufal Zaky-019.png  used on input line 232.
(pdftex.def)             Requested size: 329.99876pt x 330.0pt.
 [17 <./images/EMT4Plot3D_Muhamad Naufal Zaky-018.png>]
<images/EMT4Plot3D_Muhamad Naufal Zaky-020.png, id=77, 420.06938pt x 420.06938pt>
File: images/EMT4Plot3D_Muhamad Naufal Zaky-020.png Graphic file (type png)
<use images/EMT4Plot3D_Muhamad Naufal Zaky-020.png>
Package pdftex.def Info: images/EMT4Plot3D_Muhamad Naufal Zaky-020.png  used on input line 236.
(pdftex.def)             Requested size: 329.99876pt x 330.0pt.
 [18 <./images/EMT4Plot3D_Muhamad Naufal Zaky-019.png>]
<images/EMT4Plot3D_Muhamad Naufal Zaky-021.png, id=81, 420.06938pt x 420.06938pt>
File: images/EMT4Plot3D_Muhamad Naufal Zaky-021.png Graphic file (type png)
<use images/EMT4Plot3D_Muhamad Naufal Zaky-021.png>
Package pdftex.def Info: images/EMT4Plot3D_Muhamad Naufal Zaky-021.png  used on input line 251.
(pdftex.def)             Requested size: 329.99876pt x 330.0pt.
 [19 <./images/EMT4Plot3D_Muhamad Naufal Zaky-020.png>]
<images/EMT4Plot3D_Muhamad Naufal Zaky-022.png, id=86, 420.06938pt x 420.06938pt>
File: images/EMT4Plot3D_Muhamad Naufal Zaky-022.png Graphic file (type png)
<use images/EMT4Plot3D_Muhamad Naufal Zaky-022.png>
Package pdftex.def Info: images/EMT4Plot3D_Muhamad Naufal Zaky-022.png  used on input line 260.
(pdftex.def)             Requested size: 329.99876pt x 330.0pt.
 [20 <./images/EMT4Plot3D_Muhamad Naufal Zaky-021.png>]
<images/EMT4Plot3D_Muhamad Naufal Zaky-023.png, id=90, 420.06938pt x 420.06938pt>
File: images/EMT4Plot3D_Muhamad Naufal Zaky-023.png Graphic file (type png)
<use images/EMT4Plot3D_Muhamad Naufal Zaky-023.png>
Package pdftex.def Info: images/EMT4Plot3D_Muhamad Naufal Zaky-023.png  used on input line 272.
(pdftex.def)             Requested size: 329.99876pt x 330.0pt.
 [21 <./images/EMT4Plot3D_Muhamad Naufal Zaky-022.png>]
LaTeX Font Info:    Trying to load font information for U+msa on input line 278.
 (C:\Program Files\MiKTeX\tex/latex/amsfonts\umsa.fd
File: umsa.fd 2013/01/14 v3.01 AMS symbols A
)
LaTeX Font Info:    Trying to load font information for U+msb on input line 278.
 (C:\Program Files\MiKTeX\tex/latex/amsfonts\umsb.fd
File: umsb.fd 2013/01/14 v3.01 AMS symbols B
)
<images/EMT4Plot3D_Muhamad Naufal Zaky-025.png, id=94, 420.06938pt x 420.06938pt>
File: images/EMT4Plot3D_Muhamad Naufal Zaky-025.png Graphic file (type png)
<use images/EMT4Plot3D_Muhamad Naufal Zaky-025.png>
Package pdftex.def Info: images/EMT4Plot3D_Muhamad Naufal Zaky-025.png  used on input line 288.
(pdftex.def)             Requested size: 329.99876pt x 330.0pt.
 [22 <./images/EMT4Plot3D_Muhamad Naufal Zaky-023.png>]
<images/EMT4Plot3D_Muhamad Naufal Zaky-026.png, id=102, 420.06938pt x 420.06938pt>
File: images/EMT4Plot3D_Muhamad Naufal Zaky-026.png Graphic file (type png)
<use images/EMT4Plot3D_Muhamad Naufal Zaky-026.png>
Package pdftex.def Info: images/EMT4Plot3D_Muhamad Naufal Zaky-026.png  used on input line 296.
(pdftex.def)             Requested size: 329.99876pt x 330.0pt.
 [23 <./images/EMT4Plot3D_Muhamad Naufal Zaky-025.png>]
<images/EMT4Plot3D_Muhamad Naufal Zaky-027.png, id=106, 420.06938pt x 420.06938pt>
File: images/EMT4Plot3D_Muhamad Naufal Zaky-027.png Graphic file (type png)
<use images/EMT4Plot3D_Muhamad Naufal Zaky-027.png>
Package pdftex.def Info: images/EMT4Plot3D_Muhamad Naufal Zaky-027.png  used on input line 314.
(pdftex.def)             Requested size: 329.99876pt x 330.0pt.
 [24 <./images/EMT4Plot3D_Muhamad Naufal Zaky-026.png>]
<images/EMT4Plot3D_Muhamad Naufal Zaky-028.png, id=110, 420.06938pt x 420.06938pt>
File: images/EMT4Plot3D_Muhamad Naufal Zaky-028.png Graphic file (type png)
<use images/EMT4Plot3D_Muhamad Naufal Zaky-028.png>
Package pdftex.def Info: images/EMT4Plot3D_Muhamad Naufal Zaky-028.png  used on input line 331.
(pdftex.def)             Requested size: 329.99876pt x 330.0pt.
 [25 <./images/EMT4Plot3D_Muhamad Naufal Zaky-027.png>]
<images/EMT4Plot3D_Muhamad Naufal Zaky-029.png, id=115, 420.06938pt x 420.06938pt>
File: images/EMT4Plot3D_Muhamad Naufal Zaky-029.png Graphic file (type png)
<use images/EMT4Plot3D_Muhamad Naufal Zaky-029.png>
Package pdftex.def Info: images/EMT4Plot3D_Muhamad Naufal Zaky-029.png  used on input line 347.
(pdftex.def)             Requested size: 329.99876pt x 330.0pt.
 [26 <./images/EMT4Plot3D_Muhamad Naufal Zaky-028.png>]
<images/EMT4Plot3D_Muhamad Naufal Zaky-030.png, id=119, 420.06938pt x 420.06938pt>
File: images/EMT4Plot3D_Muhamad Naufal Zaky-030.png Graphic file (type png)
<use images/EMT4Plot3D_Muhamad Naufal Zaky-030.png>
Package pdftex.def Info: images/EMT4Plot3D_Muhamad Naufal Zaky-030.png  used on input line 356.
(pdftex.def)             Requested size: 329.99876pt x 330.0pt.
 [27 <./images/EMT4Plot3D_Muhamad Naufal Zaky-029.png>]
<images/EMT4Plot3D_Muhamad Naufal Zaky-031.png, id=123, 420.06938pt x 420.06938pt>
File: images/EMT4Plot3D_Muhamad Naufal Zaky-031.png Graphic file (type png)
<use images/EMT4Plot3D_Muhamad Naufal Zaky-031.png>
Package pdftex.def Info: images/EMT4Plot3D_Muhamad Naufal Zaky-031.png  used on input line 363.
(pdftex.def)             Requested size: 329.99876pt x 330.0pt.
 [28 <./images/EMT4Plot3D_Muhamad Naufal Zaky-030.png>]
<images/EMT4Plot3D_Muhamad Naufal Zaky-032.png, id=127, 420.06938pt x 420.06938pt>
File: images/EMT4Plot3D_Muhamad Naufal Zaky-032.png Graphic file (type png)
<use images/EMT4Plot3D_Muhamad Naufal Zaky-032.png>
Package pdftex.def Info: images/EMT4Plot3D_Muhamad Naufal Zaky-032.png  used on input line 370.
(pdftex.def)             Requested size: 329.99876pt x 330.0pt.
 [29 <./images/EMT4Plot3D_Muhamad Naufal Zaky-031.png>]
<images/EMT4Plot3D_Muhamad Naufal Zaky-035.png, id=131, 420.06938pt x 420.06938pt>
File: images/EMT4Plot3D_Muhamad Naufal Zaky-035.png Graphic file (type png)
<use images/EMT4Plot3D_Muhamad Naufal Zaky-035.png>
Package pdftex.def Info: images/EMT4Plot3D_Muhamad Naufal Zaky-035.png  used on input line 404.
(pdftex.def)             Requested size: 329.99876pt x 330.0pt.
 [30 <./images/EMT4Plot3D_Muhamad Naufal Zaky-032.png>]
Overfull \hbox (260.30316pt too wide) in paragraph at lines 407--407
[]\T1/pcr/m/n/10 >plot3d("((x^2+y^2-c^2)^2+(z^2-1)^2)*((y^2+z^2-c^2)^2+(x^2-1)^2)*((z^2+x^2-c^2)^2+(y^2-1)^2)-d",r=2,<frame,>implicit,>user):[] 
 []

<images/EMT4Plot3D_Muhamad Naufal Zaky-036.png, id=136, 420.06938pt x 420.06938pt>
File: images/EMT4Plot3D_Muhamad Naufal Zaky-036.png Graphic file (type png)
<use images/EMT4Plot3D_Muhamad Naufal Zaky-036.png>
Package pdftex.def Info: images/EMT4Plot3D_Muhamad Naufal Zaky-036.png  used on input line 409.
(pdftex.def)             Requested size: 329.99876pt x 330.0pt.
[31 <./images/EMT4Plot3D_Muhamad Naufal Zaky-035.png>]
<images/EMT4Plot3D_Muhamad Naufal Zaky-037.png, id=141, 420.06938pt x 420.06938pt>
File: images/EMT4Plot3D_Muhamad Naufal Zaky-037.png Graphic file (type png)
<use images/EMT4Plot3D_Muhamad Naufal Zaky-037.png>
Package pdftex.def Info: images/EMT4Plot3D_Muhamad Naufal Zaky-037.png  used on input line 413.
(pdftex.def)             Requested size: 329.99876pt x 330.0pt.
 [32 <./images/EMT4Plot3D_Muhamad Naufal Zaky-036.png>]
<images/EMT4Plot3D_Muhamad Naufal Zaky-039.png, id=145, 420.06938pt x 420.06938pt>
File: images/EMT4Plot3D_Muhamad Naufal Zaky-039.png Graphic file (type png)
<use images/EMT4Plot3D_Muhamad Naufal Zaky-039.png>
Package pdftex.def Info: images/EMT4Plot3D_Muhamad Naufal Zaky-039.png  used on input line 447.
(pdftex.def)             Requested size: 329.99876pt x 330.0pt.
 [33 <./images/EMT4Plot3D_Muhamad Naufal Zaky-037.png>]
<images/EMT4Plot3D_Muhamad Naufal Zaky-040.png, id=149, 420.06938pt x 420.06938pt>
File: images/EMT4Plot3D_Muhamad Naufal Zaky-040.png Graphic file (type png)
<use images/EMT4Plot3D_Muhamad Naufal Zaky-040.png>
Package pdftex.def Info: images/EMT4Plot3D_Muhamad Naufal Zaky-040.png  used on input line 454.
(pdftex.def)             Requested size: 329.99876pt x 330.0pt.
 [34 <./images/EMT4Plot3D_Muhamad Naufal Zaky-039.png>]
<images/EMT4Plot3D_Muhamad Naufal Zaky-042.png, id=153, 420.06938pt x 420.06938pt>
File: images/EMT4Plot3D_Muhamad Naufal Zaky-042.png Graphic file (type png)
<use images/EMT4Plot3D_Muhamad Naufal Zaky-042.png>
Package pdftex.def Info: images/EMT4Plot3D_Muhamad Naufal Zaky-042.png  used on input line 468.
(pdftex.def)             Requested size: 329.99876pt x 330.0pt.
 [35 <./images/EMT4Plot3D_Muhamad Naufal Zaky-040.png>]
<images/EMT4Plot3D_Muhamad Naufal Zaky-046.png, id=157, 420.06938pt x 420.06938pt>
File: images/EMT4Plot3D_Muhamad Naufal Zaky-046.png Graphic file (type png)
<use images/EMT4Plot3D_Muhamad Naufal Zaky-046.png>
Package pdftex.def Info: images/EMT4Plot3D_Muhamad Naufal Zaky-046.png  used on input line 505.
(pdftex.def)             Requested size: 329.99876pt x 330.0pt.
 [36 <./images/EMT4Plot3D_Muhamad Naufal Zaky-042.png>]
<images/EMT4Plot3D_Muhamad Naufal Zaky-047.png, id=161, 420.06938pt x 420.06938pt>
File: images/EMT4Plot3D_Muhamad Naufal Zaky-047.png Graphic file (type png)
<use images/EMT4Plot3D_Muhamad Naufal Zaky-047.png>
Package pdftex.def Info: images/EMT4Plot3D_Muhamad Naufal Zaky-047.png  used on input line 517.
(pdftex.def)             Requested size: 329.99876pt x 330.0pt.
 [37 <./images/EMT4Plot3D_Muhamad Naufal Zaky-046.png>]
<images/EMT4Plot3D_Muhamad Naufal Zaky-048.png, id=166, 420.06938pt x 420.06938pt>
File: images/EMT4Plot3D_Muhamad Naufal Zaky-048.png Graphic file (type png)
<use images/EMT4Plot3D_Muhamad Naufal Zaky-048.png>
Package pdftex.def Info: images/EMT4Plot3D_Muhamad Naufal Zaky-048.png  used on input line 528.
(pdftex.def)             Requested size: 329.99876pt x 330.0pt.
 [38 <./images/EMT4Plot3D_Muhamad Naufal Zaky-047.png>]
<images/EMT4Plot3D_Muhamad Naufal Zaky-049.png, id=170, 420.06938pt x 420.06938pt>
File: images/EMT4Plot3D_Muhamad Naufal Zaky-049.png Graphic file (type png)
<use images/EMT4Plot3D_Muhamad Naufal Zaky-049.png>
Package pdftex.def Info: images/EMT4Plot3D_Muhamad Naufal Zaky-049.png  used on input line 533.
(pdftex.def)             Requested size: 329.99876pt x 330.0pt.
 [39 <./images/EMT4Plot3D_Muhamad Naufal Zaky-048.png>]
<images/EMT4Plot3D_Muhamad Naufal Zaky-050.png, id=174, 420.06938pt x 420.06938pt>
File: images/EMT4Plot3D_Muhamad Naufal Zaky-050.png Graphic file (type png)
<use images/EMT4Plot3D_Muhamad Naufal Zaky-050.png>
Package pdftex.def Info: images/EMT4Plot3D_Muhamad Naufal Zaky-050.png  used on input line 538.
(pdftex.def)             Requested size: 329.99876pt x 330.0pt.
 [40 <./images/EMT4Plot3D_Muhamad Naufal Zaky-049.png>]
<images/EMT4Plot3D_Muhamad Naufal Zaky-051.png, id=178, 420.06938pt x 420.06938pt>
File: images/EMT4Plot3D_Muhamad Naufal Zaky-051.png Graphic file (type png)
<use images/EMT4Plot3D_Muhamad Naufal Zaky-051.png>
Package pdftex.def Info: images/EMT4Plot3D_Muhamad Naufal Zaky-051.png  used on input line 546.
(pdftex.def)             Requested size: 329.99876pt x 330.0pt.
 [41 <./images/EMT4Plot3D_Muhamad Naufal Zaky-050.png>]
<images/EMT4Plot3D_Muhamad Naufal Zaky-052.png, id=182, 420.06938pt x 420.06938pt>
File: images/EMT4Plot3D_Muhamad Naufal Zaky-052.png Graphic file (type png)
<use images/EMT4Plot3D_Muhamad Naufal Zaky-052.png>
Package pdftex.def Info: images/EMT4Plot3D_Muhamad Naufal Zaky-052.png  used on input line 554.
(pdftex.def)             Requested size: 329.99876pt x 330.0pt.
 [42 <./images/EMT4Plot3D_Muhamad Naufal Zaky-051.png>]
<images/EMT4Plot3D_Muhamad Naufal Zaky-053.png, id=186, 420.06938pt x 420.06938pt>
File: images/EMT4Plot3D_Muhamad Naufal Zaky-053.png Graphic file (type png)
<use images/EMT4Plot3D_Muhamad Naufal Zaky-053.png>
Package pdftex.def Info: images/EMT4Plot3D_Muhamad Naufal Zaky-053.png  used on input line 568.
(pdftex.def)             Requested size: 329.99876pt x 330.0pt.
 [43 <./images/EMT4Plot3D_Muhamad Naufal Zaky-052.png>]
<images/EMT4Plot3D_Muhamad Naufal Zaky-054.png, id=191, 420.06938pt x 420.06938pt>
File: images/EMT4Plot3D_Muhamad Naufal Zaky-054.png Graphic file (type png)
<use images/EMT4Plot3D_Muhamad Naufal Zaky-054.png>
Package pdftex.def Info: images/EMT4Plot3D_Muhamad Naufal Zaky-054.png  used on input line 580.
(pdftex.def)             Requested size: 329.99876pt x 330.0pt.
 [44 <./images/EMT4Plot3D_Muhamad Naufal Zaky-053.png>]
<images/EMT4Plot3D_Muhamad Naufal Zaky-055.png, id=195, 420.06938pt x 420.06938pt>
File: images/EMT4Plot3D_Muhamad Naufal Zaky-055.png Graphic file (type png)
<use images/EMT4Plot3D_Muhamad Naufal Zaky-055.png>
Package pdftex.def Info: images/EMT4Plot3D_Muhamad Naufal Zaky-055.png  used on input line 600.
(pdftex.def)             Requested size: 329.99876pt x 330.0pt.
 [45 <./images/EMT4Plot3D_Muhamad Naufal Zaky-054.png>]
<images/EMT4Plot3D_Muhamad Naufal Zaky-056.png, id=199, 420.06938pt x 420.06938pt>
File: images/EMT4Plot3D_Muhamad Naufal Zaky-056.png Graphic file (type png)
<use images/EMT4Plot3D_Muhamad Naufal Zaky-056.png>
Package pdftex.def Info: images/EMT4Plot3D_Muhamad Naufal Zaky-056.png  used on input line 608.
(pdftex.def)             Requested size: 329.99876pt x 330.0pt.
 [46 <./images/EMT4Plot3D_Muhamad Naufal Zaky-055.png>]
<images/EMT4Plot3D_Muhamad Naufal Zaky-057.png, id=203, 420.06938pt x 420.06938pt>
File: images/EMT4Plot3D_Muhamad Naufal Zaky-057.png Graphic file (type png)
<use images/EMT4Plot3D_Muhamad Naufal Zaky-057.png>
Package pdftex.def Info: images/EMT4Plot3D_Muhamad Naufal Zaky-057.png  used on input line 621.
(pdftex.def)             Requested size: 329.99876pt x 330.0pt.
 [47 <./images/EMT4Plot3D_Muhamad Naufal Zaky-056.png>]
<images/EMT4Plot3D_Muhamad Naufal Zaky-058.png, id=207, 420.06938pt x 420.06938pt>
File: images/EMT4Plot3D_Muhamad Naufal Zaky-058.png Graphic file (type png)
<use images/EMT4Plot3D_Muhamad Naufal Zaky-058.png>
Package pdftex.def Info: images/EMT4Plot3D_Muhamad Naufal Zaky-058.png  used on input line 627.
(pdftex.def)             Requested size: 329.99876pt x 330.0pt.
 [48 <./images/EMT4Plot3D_Muhamad Naufal Zaky-057.png>]
<images/EMT4Plot3D_Muhamad Naufal Zaky-059.png, id=211, 420.06938pt x 420.06938pt>
File: images/EMT4Plot3D_Muhamad Naufal Zaky-059.png Graphic file (type png)
<use images/EMT4Plot3D_Muhamad Naufal Zaky-059.png>
Package pdftex.def Info: images/EMT4Plot3D_Muhamad Naufal Zaky-059.png  used on input line 634.
(pdftex.def)             Requested size: 329.99876pt x 330.0pt.
 [49 <./images/EMT4Plot3D_Muhamad Naufal Zaky-058.png>]
Overfull \hbox (2.30316pt too wide) in paragraph at lines 663--663
[]\T1/pcr/m/n/10 >function fr(r,a) &= ekspresi with [x=r*cos(a),y=r*sin(a)] | trigreduce; $fr(r,a)[] 
 []

[50 <./images/EMT4Plot3D_Muhamad Naufal Zaky-059.png>]
<images/EMT4Plot3D_Muhamad Naufal Zaky-064.png, id=220, 420.06938pt x 420.06938pt>
File: images/EMT4Plot3D_Muhamad Naufal Zaky-064.png Graphic file (type png)
<use images/EMT4Plot3D_Muhamad Naufal Zaky-064.png>
Package pdftex.def Info: images/EMT4Plot3D_Muhamad Naufal Zaky-064.png  used on input line 683.
(pdftex.def)             Requested size: 329.99876pt x 330.0pt.
<images/EMT4Plot3D_Muhamad Naufal Zaky-065.png, id=221, 420.06938pt x 420.06938pt>
File: images/EMT4Plot3D_Muhamad Naufal Zaky-065.png Graphic file (type png)
<use images/EMT4Plot3D_Muhamad Naufal Zaky-065.png>
Package pdftex.def Info: images/EMT4Plot3D_Muhamad Naufal Zaky-065.png  used on input line 701.
(pdftex.def)             Requested size: 329.99876pt x 330.0pt.
 [51 <./images/EMT4Plot3D_Muhamad Naufal Zaky-064.png>]
<images/EMT4Plot3D_Muhamad Naufal Zaky-066.png, id=225, 420.06938pt x 420.06938pt>
File: images/EMT4Plot3D_Muhamad Naufal Zaky-066.png Graphic file (type png)
<use images/EMT4Plot3D_Muhamad Naufal Zaky-066.png>
Package pdftex.def Info: images/EMT4Plot3D_Muhamad Naufal Zaky-066.png  used on input line 731.
(pdftex.def)             Requested size: 329.99876pt x 330.0pt.
 [52 <./images/EMT4Plot3D_Muhamad Naufal Zaky-065.png>]
<images/EMT4Plot3D_Muhamad Naufal Zaky-067.png, id=229, 420.06938pt x 420.06938pt>
File: images/EMT4Plot3D_Muhamad Naufal Zaky-067.png Graphic file (type png)
<use images/EMT4Plot3D_Muhamad Naufal Zaky-067.png>
Package pdftex.def Info: images/EMT4Plot3D_Muhamad Naufal Zaky-067.png  used on input line 753.
(pdftex.def)             Requested size: 329.99876pt x 330.0pt.
 [53 <./images/EMT4Plot3D_Muhamad Naufal Zaky-066.png>]
<images/EMT4Plot3D_Muhamad Naufal Zaky-068.png, id=233, 420.06938pt x 420.06938pt>
File: images/EMT4Plot3D_Muhamad Naufal Zaky-068.png Graphic file (type png)
<use images/EMT4Plot3D_Muhamad Naufal Zaky-068.png>
Package pdftex.def Info: images/EMT4Plot3D_Muhamad Naufal Zaky-068.png  used on input line 769.
(pdftex.def)             Requested size: 329.99876pt x 330.0pt.
 [54 <./images/EMT4Plot3D_Muhamad Naufal Zaky-067.png>] [55 <./images/EMT4Plot3D_Muhamad Naufal Zaky-068.png>]
d:/Aplikasi Komputer/Pertemuan Pekan 7-8/EMT4Plot3D_Muhamad Naufal Zaky.tex:825: Undefined control sequence.
\euleroutput ...psep =0pt\begin {alltt}\ttfamiliy 
                                                  \ignorespaces 
l.825 \begin{euleroutput}
                         
The control sequence at the end of the top line
of your error message was never \def'ed. If you have
misspelled it (e.g., `\hobx'), type `I' and the correct
spelling (e.g., `I\hbox'). Otherwise just continue,
and I'll forget about whatever was undefined.

<images/EMT4Plot3D_Muhamad Naufal Zaky-069.png, id=241, 420.06938pt x 420.06938pt>
File: images/EMT4Plot3D_Muhamad Naufal Zaky-069.png Graphic file (type png)
<use images/EMT4Plot3D_Muhamad Naufal Zaky-069.png>
Package pdftex.def Info: images/EMT4Plot3D_Muhamad Naufal Zaky-069.png  used on input line 844.
(pdftex.def)             Requested size: 329.99876pt x 330.0pt.
<images/EMT4Plot3D_Muhamad Naufal Zaky-070.png, id=242, 338.76563pt x 338.76563pt>
File: images/EMT4Plot3D_Muhamad Naufal Zaky-070.png Graphic file (type png)
<use images/EMT4Plot3D_Muhamad Naufal Zaky-070.png>
Package pdftex.def Info: images/EMT4Plot3D_Muhamad Naufal Zaky-070.png  used on input line 848.
(pdftex.def)             Requested size: 275.0086pt x 275.0pt.
[56 <./images/EMT4Plot3D_Muhamad Naufal Zaky-069.png>]
<images/EMT4Plot3D_Muhamad Naufal Zaky-071.png, id=246, 338.76563pt x 338.76563pt>
File: images/EMT4Plot3D_Muhamad Naufal Zaky-071.png Graphic file (type png)
<use images/EMT4Plot3D_Muhamad Naufal Zaky-071.png>
Package pdftex.def Info: images/EMT4Plot3D_Muhamad Naufal Zaky-071.png  used on input line 857.
(pdftex.def)             Requested size: 264.00867pt x 264.0pt.
 [57 <./images/EMT4Plot3D_Muhamad Naufal Zaky-070.png> <./images/EMT4Plot3D_Muhamad Naufal Zaky-071.png>]
<images/EMT4Plot3D_Muhamad Naufal Zaky-072.png, id=250, 338.76563pt x 338.76563pt>
File: images/EMT4Plot3D_Muhamad Naufal Zaky-072.png Graphic file (type png)
<use images/EMT4Plot3D_Muhamad Naufal Zaky-072.png>
Package pdftex.def Info: images/EMT4Plot3D_Muhamad Naufal Zaky-072.png  used on input line 870.
(pdftex.def)             Requested size: 275.0086pt x 275.0pt.

Overfull \hbox (38.30316pt too wide) in paragraph at lines 883--883
[]\T1/pcr/m/n/10 >pov3d(X,Y,Z,angle=40\TS1/pcr/m/n/10 °\T1/pcr/m/n/10 ,look=povlook(red,0.1),height=50\TS1/pcr/m/n/10 °\T1/pcr/m/n/10 ,axis=0,zoom=4,light=[10,5,15]);[] 
 []

<images/EMT4Plot3D_Muhamad Naufal Zaky-073.png, id=251, 338.76563pt x 338.76563pt>
File: images/EMT4Plot3D_Muhamad Naufal Zaky-073.png Graphic file (type png)
<use images/EMT4Plot3D_Muhamad Naufal Zaky-073.png>
Package pdftex.def Info: images/EMT4Plot3D_Muhamad Naufal Zaky-073.png  used on input line 885.
(pdftex.def)             Requested size: 275.0086pt x 275.0pt.
[58 <./images/EMT4Plot3D_Muhamad Naufal Zaky-072.png>]
Overfull \hbox (44.30316pt too wide) in paragraph at lines 899--899
[]\T1/pcr/m/n/10 >pov3d(x,y,z,zoom=4,axis=0,height=30\TS1/pcr/m/n/10 °\T1/pcr/m/n/10 ,add=povsphere([0.5,0,0.25],0.15,povlook(red)), ...[] 
 []

<images/EMT4Plot3D_Muhamad Naufal Zaky-074.png, id=255, 376.40625pt x 225.84375pt>
File: images/EMT4Plot3D_Muhamad Naufal Zaky-074.png Graphic file (type png)
<use images/EMT4Plot3D_Muhamad Naufal Zaky-074.png>
Package pdftex.def Info: images/EMT4Plot3D_Muhamad Naufal Zaky-074.png  used on input line 902.
(pdftex.def)             Requested size: 293.34871pt x 176.0pt.
[59 <./images/EMT4Plot3D_Muhamad Naufal Zaky-073.png> <./images/EMT4Plot3D_Muhamad Naufal Zaky-074.png>]
d:/Aplikasi Komputer/Pertemuan Pekan 7-8/EMT4Plot3D_Muhamad Naufal Zaky.tex:914: Undefined control sequence.
\euleroutput ...psep =0pt\begin {alltt}\ttfamiliy 
                                                  \ignorespaces 
l.914 \begin{euleroutput}
                         
The control sequence at the end of the top line
of your error message was never \def'ed. If you have
misspelled it (e.g., `\hobx'), type `I' and the correct
spelling (e.g., `I\hbox'). Otherwise just continue,
and I'll forget about whatever was undefined.

d:/Aplikasi Komputer/Pertemuan Pekan 7-8/EMT4Plot3D_Muhamad Naufal Zaky.tex:935: Undefined control sequence.
\euleroutput ...psep =0pt\begin {alltt}\ttfamiliy 
                                                  \ignorespaces 
l.935 \begin{euleroutput}
                         
The control sequence at the end of the top line
of your error message was never \def'ed. If you have
misspelled it (e.g., `\hobx'), type `I' and the correct
spelling (e.g., `I\hbox'). Otherwise just continue,
and I'll forget about whatever was undefined.

<images/EMT4Plot3D_Muhamad Naufal Zaky-075.png, id=259, 338.76563pt x 338.76563pt>
File: images/EMT4Plot3D_Muhamad Naufal Zaky-075.png Graphic file (type png)
<use images/EMT4Plot3D_Muhamad Naufal Zaky-075.png>
Package pdftex.def Info: images/EMT4Plot3D_Muhamad Naufal Zaky-075.png  used on input line 949.
(pdftex.def)             Requested size: 275.0086pt x 275.0pt.
[60 <./images/EMT4Plot3D_Muhamad Naufal Zaky-075.png>]
<images/EMT4Plot3D_Muhamad Naufal Zaky-076.png, id=263, 338.76563pt x 263.48438pt>
File: images/EMT4Plot3D_Muhamad Naufal Zaky-076.png Graphic file (type png)
<use images/EMT4Plot3D_Muhamad Naufal Zaky-076.png>
Package pdftex.def Info: images/EMT4Plot3D_Muhamad Naufal Zaky-076.png  used on input line 996.
(pdftex.def)             Requested size: 254.58533pt x 198.0pt.
 [61 <./images/EMT4Plot3D_Muhamad Naufal Zaky-076.png>]
<images/EMT4Plot3D_Muhamad Naufal Zaky-077.png, id=268, 338.76563pt x 338.76563pt>
File: images/EMT4Plot3D_Muhamad Naufal Zaky-077.png Graphic file (type png)
<use images/EMT4Plot3D_Muhamad Naufal Zaky-077.png>
Package pdftex.def Info: images/EMT4Plot3D_Muhamad Naufal Zaky-077.png  used on input line 1007.
(pdftex.def)             Requested size: 275.0086pt x 275.0pt.
<images/EMT4Plot3D_Muhamad Naufal Zaky-078.png, id=269, 338.76563pt x 338.76563pt>
File: images/EMT4Plot3D_Muhamad Naufal Zaky-078.png Graphic file (type png)
<use images/EMT4Plot3D_Muhamad Naufal Zaky-078.png>
Package pdftex.def Info: images/EMT4Plot3D_Muhamad Naufal Zaky-078.png  used on input line 1019.
(pdftex.def)             Requested size: 275.0086pt x 275.0pt.
 [62 <./images/EMT4Plot3D_Muhamad Naufal Zaky-077.png>]
d:/Aplikasi Komputer/Pertemuan Pekan 7-8/EMT4Plot3D_Muhamad Naufal Zaky.tex:1051: Undefined control sequence.
\euleroutput ...psep =0pt\begin {alltt}\ttfamiliy 
                                                  \ignorespaces 
l.1051 \begin{euleroutput}
                          
The control sequence at the end of the top line
of your error message was never \def'ed. If you have
misspelled it (e.g., `\hobx'), type `I' and the correct
spelling (e.g., `I\hbox'). Otherwise just continue,
and I'll forget about whatever was undefined.

[63 <./images/EMT4Plot3D_Muhamad Naufal Zaky-078.png>]
d:/Aplikasi Komputer/Pertemuan Pekan 7-8/EMT4Plot3D_Muhamad Naufal Zaky.tex:1069: Undefined control sequence.
\euleroutput ...psep =0pt\begin {alltt}\ttfamiliy 
                                                  \ignorespaces 
l.1069 \begin{euleroutput}
                          
The control sequence at the end of the top line
of your error message was never \def'ed. If you have
misspelled it (e.g., `\hobx'), type `I' and the correct
spelling (e.g., `I\hbox'). Otherwise just continue,
and I'll forget about whatever was undefined.

<images/EMT4Plot3D_Muhamad Naufal Zaky-079.png, id=276, 338.76563pt x 338.76563pt>
File: images/EMT4Plot3D_Muhamad Naufal Zaky-079.png Graphic file (type png)
<use images/EMT4Plot3D_Muhamad Naufal Zaky-079.png>
Package pdftex.def Info: images/EMT4Plot3D_Muhamad Naufal Zaky-079.png  used on input line 1088.
(pdftex.def)             Requested size: 275.0086pt x 275.0pt.
[64 <./images/EMT4Plot3D_Muhamad Naufal Zaky-079.png>]
<images/EMT4Plot3D_Muhamad Naufal Zaky-080.png, id=280, 338.76563pt x 338.76563pt>
File: images/EMT4Plot3D_Muhamad Naufal Zaky-080.png Graphic file (type png)
<use images/EMT4Plot3D_Muhamad Naufal Zaky-080.png>
Package pdftex.def Info: images/EMT4Plot3D_Muhamad Naufal Zaky-080.png  used on input line 1122.
(pdftex.def)             Requested size: 275.0086pt x 275.0pt.
 [65 <./images/EMT4Plot3D_Muhamad Naufal Zaky-080.png>]
<images/EMT4Plot3D_Muhamad Naufal Zaky-081.png, id=284, 338.76563pt x 338.76563pt>
File: images/EMT4Plot3D_Muhamad Naufal Zaky-081.png Graphic file (type png)
<use images/EMT4Plot3D_Muhamad Naufal Zaky-081.png>
Package pdftex.def Info: images/EMT4Plot3D_Muhamad Naufal Zaky-081.png  used on input line 1170.
(pdftex.def)             Requested size: 275.0086pt x 275.0pt.
 [66 <./images/EMT4Plot3D_Muhamad Naufal Zaky-081.png>]
Overfull \hbox (746.30316pt too wide) in paragraph at lines 1187--1187
[]\T1/pcr/m/n/10 >writeln(povsurface("(pow(pow(x,2)+pow(y,2)-pow(c,2),2)+pow(pow(z,2)-1,2))*(pow(pow(y,2)+pow(z,2)-pow(c,2),2)+pow(pow(x,2)-1,2))*(pow(pow(z,2)+pow(x,2)-pow(c,2),2)+pow(pow(y,2)-1,2))-d",povlook(red))); ...[] 
 []

d:/Aplikasi Komputer/Pertemuan Pekan 7-8/EMT4Plot3D_Muhamad Naufal Zaky.tex:1190: Undefined control sequence.
\euleroutput ...psep =0pt\begin {alltt}\ttfamiliy 
                                                  \ignorespaces 
l.1190 \begin{euleroutput}
                          
The control sequence at the end of the top line
of your error message was never \def'ed. If you have
misspelled it (e.g., `\hobx'), type `I' and the correct
spelling (e.g., `I\hbox'). Otherwise just continue,
and I'll forget about whatever was undefined.


Overfull \hbox (14.30316pt too wide) in paragraph at lines 1203--1203
[]\T1/pcr/m/n/10 >writeln(povsurface("pow(x,2)+pow(y,2)*pow(z,2)-1",povlook(blue),povbox(-2,2,"")));[] 
 []

<images/EMT4Plot3D_Muhamad Naufal Zaky-083.png, id=288, 338.76563pt x 338.76563pt>
File: images/EMT4Plot3D_Muhamad Naufal Zaky-083.png Graphic file (type png)
<use images/EMT4Plot3D_Muhamad Naufal Zaky-083.png>
Package pdftex.def Info: images/EMT4Plot3D_Muhamad Naufal Zaky-083.png  used on input line 1206.
(pdftex.def)             Requested size: 275.0086pt x 275.0pt.
[67 <./images/EMT4Plot3D_Muhamad Naufal Zaky-083.png>]
<images/EMT4Plot3D_Muhamad Naufal Zaky-084.png, id=293, 338.76563pt x 338.76563pt>
File: images/EMT4Plot3D_Muhamad Naufal Zaky-084.png Graphic file (type png)
<use images/EMT4Plot3D_Muhamad Naufal Zaky-084.png>
Package pdftex.def Info: images/EMT4Plot3D_Muhamad Naufal Zaky-084.png  used on input line 1219.
(pdftex.def)             Requested size: 275.0086pt x 275.0pt.

d:/Aplikasi Komputer/Pertemuan Pekan 7-8/EMT4Plot3D_Muhamad Naufal Zaky.tex:1235: You can't use `macro parameter character #' in horizontal mode.
l.1235 menggunakan #
                    declare. Fungsi povtriangle() melakukan ini secara
Sorry, but I'm not programmed to handle this case;
I'll just pretend that you didn't ask for it.
If you're in the wrong mode, you might be able to
return to the right one by typing `I}' or `I$' or `I\par'.

[68 <./images/EMT4Plot3D_Muhamad Naufal Zaky-084.png>]
<images/EMT4Plot3D_Muhamad Naufal Zaky-085.png, id=297, 338.76563pt x 338.76563pt>
File: images/EMT4Plot3D_Muhamad Naufal Zaky-085.png Graphic file (type png)
<use images/EMT4Plot3D_Muhamad Naufal Zaky-085.png>
Package pdftex.def Info: images/EMT4Plot3D_Muhamad Naufal Zaky-085.png  used on input line 1279.
(pdftex.def)             Requested size: 275.0086pt x 275.0pt.
 [69 <./images/EMT4Plot3D_Muhamad Naufal Zaky-085.png>]
<images/EMT4Plot3D_Muhamad Naufal Zaky-086.png, id=301, 338.76563pt x 338.76563pt>
File: images/EMT4Plot3D_Muhamad Naufal Zaky-086.png Graphic file (type png)
<use images/EMT4Plot3D_Muhamad Naufal Zaky-086.png>
Package pdftex.def Info: images/EMT4Plot3D_Muhamad Naufal Zaky-086.png  used on input line 1296.
(pdftex.def)             Requested size: 264.00867pt x 264.0pt.
<images/EMT4Plot3D_Muhamad Naufal Zaky-087.png, id=302, 338.76563pt x 338.76563pt>
File: images/EMT4Plot3D_Muhamad Naufal Zaky-087.png Graphic file (type png)
<use images/EMT4Plot3D_Muhamad Naufal Zaky-087.png>
Package pdftex.def Info: images/EMT4Plot3D_Muhamad Naufal Zaky-087.png  used on input line 1324.
(pdftex.def)             Requested size: 264.00867pt x 264.0pt.
 [70 <./images/EMT4Plot3D_Muhamad Naufal Zaky-086.png>]
d:/Aplikasi Komputer/Pertemuan Pekan 7-8/EMT4Plot3D_Muhamad Naufal Zaky.tex:1348: Undefined control sequence.
\euleroutput ...psep =0pt\begin {alltt}\ttfamiliy 
                                                  \ignorespaces 
l.1348 \begin{euleroutput}
                          
The control sequence at the end of the top line
of your error message was never \def'ed. If you have
misspelled it (e.g., `\hobx'), type `I' and the correct
spelling (e.g., `I\hbox'). Otherwise just continue,
and I'll forget about whatever was undefined.

d:/Aplikasi Komputer/Pertemuan Pekan 7-8/EMT4Plot3D_Muhamad Naufal Zaky.tex:1358: Undefined control sequence.
\euleroutput ...psep =0pt\begin {alltt}\ttfamiliy 
                                                  \ignorespaces 
l.1358 \begin{euleroutput}
                          
The control sequence at the end of the top line
of your error message was never \def'ed. If you have
misspelled it (e.g., `\hobx'), type `I' and the correct
spelling (e.g., `I\hbox'). Otherwise just continue,
and I'll forget about whatever was undefined.

[71 <./images/EMT4Plot3D_Muhamad Naufal Zaky-087.png>]
<images/EMT4Plot3D_Muhamad Naufal Zaky-088.png, id=309, 361.35pt x 240.9pt>
File: images/EMT4Plot3D_Muhamad Naufal Zaky-088.png Graphic file (type png)
<use images/EMT4Plot3D_Muhamad Naufal Zaky-088.png>
Package pdftex.def Info: images/EMT4Plot3D_Muhamad Naufal Zaky-088.png  used on input line 1391.
(pdftex.def)             Requested size: 280.50652pt x 187.0pt.

d:/Aplikasi Komputer/Pertemuan Pekan 7-8/EMT4Plot3D_Muhamad Naufal Zaky.tex:1415: Undefined control sequence.
\euleroutput ...psep =0pt\begin {alltt}\ttfamiliy 
                                                  \ignorespaces 
l.1415 \begin{euleroutput}
                          
The control sequence at the end of the top line
of your error message was never \def'ed. If you have
misspelled it (e.g., `\hobx'), type `I' and the correct
spelling (e.g., `I\hbox'). Otherwise just continue,
and I'll forget about whatever was undefined.

[72 <./images/EMT4Plot3D_Muhamad Naufal Zaky-088.png>]
<images/EMT4Plot3D_Muhamad Naufal Zaky-091.png, id=313, 338.76563pt x 338.76563pt>
File: images/EMT4Plot3D_Muhamad Naufal Zaky-091.png Graphic file (type png)
<use images/EMT4Plot3D_Muhamad Naufal Zaky-091.png>
Package pdftex.def Info: images/EMT4Plot3D_Muhamad Naufal Zaky-091.png  used on input line 1479.
(pdftex.def)             Requested size: 275.0086pt x 275.0pt.
 [73]
<images/EMT4Plot3D_Muhamad Naufal Zaky-093.png, id=318, 420.06938pt x 420.06938pt>
File: images/EMT4Plot3D_Muhamad Naufal Zaky-093.png Graphic file (type png)
<use images/EMT4Plot3D_Muhamad Naufal Zaky-093.png>
Package pdftex.def Info: images/EMT4Plot3D_Muhamad Naufal Zaky-093.png  used on input line 1504.
(pdftex.def)             Requested size: 329.99876pt x 330.0pt.
 [74 <./images/EMT4Plot3D_Muhamad Naufal Zaky-091.png>]
<images/EMT4Plot3D_Muhamad Naufal Zaky-095.png, id=322, 420.06938pt x 420.06938pt>
File: images/EMT4Plot3D_Muhamad Naufal Zaky-095.png Graphic file (type png)
<use images/EMT4Plot3D_Muhamad Naufal Zaky-095.png>
Package pdftex.def Info: images/EMT4Plot3D_Muhamad Naufal Zaky-095.png  used on input line 1517.
(pdftex.def)             Requested size: 329.99876pt x 330.0pt.
 [75 <./images/EMT4Plot3D_Muhamad Naufal Zaky-093.png>]
d:/Aplikasi Komputer/Pertemuan Pekan 7-8/EMT4Plot3D_Muhamad Naufal Zaky.tex:1531: Undefined control sequence.
\euleroutput ...psep =0pt\begin {alltt}\ttfamiliy 
                                                  \ignorespaces 
l.1531 \begin{euleroutput}
                          
The control sequence at the end of the top line
of your error message was never \def'ed. If you have
misspelled it (e.g., `\hobx'), type `I' and the correct
spelling (e.g., `I\hbox'). Otherwise just continue,
and I'll forget about whatever was undefined.

<images/EMT4Plot3D_Muhamad Naufal Zaky-097.png, id=326, 338.76563pt x 338.76563pt>
File: images/EMT4Plot3D_Muhamad Naufal Zaky-097.png Graphic file (type png)
<use images/EMT4Plot3D_Muhamad Naufal Zaky-097.png>
Package pdftex.def Info: images/EMT4Plot3D_Muhamad Naufal Zaky-097.png  used on input line 1537.
(pdftex.def)             Requested size: 275.0086pt x 275.0pt.
[76 <./images/EMT4Plot3D_Muhamad Naufal Zaky-095.png>]

d:/Aplikasi Komputer/Pertemuan Pekan 7-8/EMT4Plot3D_Muhamad Naufal Zaky.tex:1541: LaTeX Error: \begin{eulercomment} on input line 1489 ended by \end{eulernotebook}.

See the LaTeX manual or LaTeX Companion for explanation.
Type  H <return>  for immediate help.
 ...                                              
                                                  
l.1541 \end{eulernotebook}
                          
Your command was ignored.
Type  I <command> <return>  to replace it with another command,
or  <return>  to continue without it.


d:/Aplikasi Komputer/Pertemuan Pekan 7-8/EMT4Plot3D_Muhamad Naufal Zaky.tex:1542: LaTeX Error: \begin{eulercomment} on input line 1481 ended by \end{document}.

See the LaTeX manual or LaTeX Companion for explanation.
Type  H <return>  for immediate help.
 ...                                              
                                                  
l.1542 \end{document}
                     
Your command was ignored.
Type  I <command> <return>  to replace it with another command,
or  <return>  to continue without it.

[77 <./images/EMT4Plot3D_Muhamad Naufal Zaky-097.png>] (EMT4Plot3D_Muhamad Naufal Zaky.aux)
 ***********
LaTeX2e <2023-11-01>
L3 programming layer <2023-11-09>
 ***********
 )
(\end occurred inside a group at level 2)

### semi simple group (level 2) entered at line 1481 (\begingroup)
### semi simple group (level 1) entered at line 6 (\begingroup)
### bottom level 
Here is how much of TeX's memory you used:
 3963 strings out of 474587
 80434 string characters out of 5755519
 1933558 words of memory out of 5000000
 26085 multiletter control sequences out of 15000+600000
 567511 words of font info for 57 fonts, out of 8000000 for 9000
 1141 hyphenation exceptions out of 8191
 72i,6n,79p,304b,334s stack positions out of 10000i,1000n,20000p,200000b,200000s
<C:/Program Files/MiKTeX/fonts/type1/public/amsfonts/cm/cmex10.pfb><C:/Program Files/MiKTeX/fonts/type1/public/amsfonts/cm/cmmi10.pfb><C:/Program Files/MiKTeX/fonts/type1/public/amsfonts/cm/cmmi7.pfb><C:/Program Files/MiKTeX/fonts/type1/public/amsfonts/cm/cmr10.pfb><C:/Program Files/MiKTeX/fonts/type1/public/amsfonts/cm/cmr7.pfb><C:/Program Files/MiKTeX/fonts/type1/public/amsfonts/cm/cmsy10.pfb><C:/Program Files/MiKTeX/fonts/type1/urw/courier/ucrr8a.pfb><C:/Program Files/MiKTeX/fonts/type1/urw/palatino/uplb8a.pfb><C:/Program Files/MiKTeX/fonts/type1/urw/palatino/uplr8a.pfb>
Output written on "EMT4Plot3D_Muhamad Naufal Zaky.pdf" (77 pages, 4134063 bytes).
PDF statistics:
 375 PDF objects out of 1000 (max. 8388607)
 0 named destinations out of 1000 (max. 500000)
 396 words of extra memory for PDF output out of 10000 (max. 10000000)

